00:12:00.243 [main] INFO  cn.edu.jxnu.server.ServerApplication - Starting ServerApplication using Java 1.8.0_241 on hanhan with PID 1076 (E:\ProjectJava\CloudDrawing\server\target\classes started by Asus in E:\ProjectJava\CloudDrawing\server)
00:12:00.246 [main] INFO  cn.edu.jxnu.server.ServerApplication - The following 1 profile is active: "dev"
00:12:01.210 [main] INFO  o.s.b.w.e.tomcat.TomcatWebServer - Tomcat initialized with port(s): 4000 (http)
00:12:01.217 [main] INFO  o.a.coyote.http11.Http11NioProtocol - Initializing ProtocolHandler ["http-nio-4000"]
00:12:01.217 [main] INFO  o.a.catalina.core.StandardService - Starting service [Tomcat]
00:12:01.217 [main] INFO  o.a.catalina.core.StandardEngine - Starting Servlet engine: [Apache Tomcat/9.0.60]
00:12:01.344 [main] INFO  o.a.c.c.C.[Tomcat].[localhost].[/] - Initializing Spring embedded WebApplicationContext
00:12:01.345 [main] INFO  o.s.b.w.s.c.ServletWebServerApplicationContext - Root WebApplicationContext: initialization completed in 1061 ms
00:12:01.897 [main] WARN  o.s.b.a.t.ThymeleafAutoConfiguration$DefaultTemplateResolverConfiguration - Cannot find template location: classpath:/templates/ (please add some templates or check your Thymeleaf configuration)
00:12:01.954 [main] INFO  o.a.coyote.http11.Http11NioProtocol - Starting ProtocolHandler ["http-nio-4000"]
00:12:01.966 [main] INFO  o.s.b.w.e.tomcat.TomcatWebServer - Tomcat started on port(s): 4000 (http) with context path ''
00:12:01.997 [main] INFO  cn.edu.jxnu.server.ServerApplication - Started ServerApplication in 2.202 seconds (JVM running for 3.242)
00:12:18.853 [http-nio-4000-exec-1] INFO  o.a.c.c.C.[Tomcat].[localhost].[/] - Initializing Spring DispatcherServlet 'dispatcherServlet'
00:12:18.853 [http-nio-4000-exec-1] INFO  o.s.web.servlet.DispatcherServlet - Initializing Servlet 'dispatcherServlet'
00:12:18.854 [http-nio-4000-exec-1] INFO  o.s.web.servlet.DispatcherServlet - Completed initialization in 1 ms
00:12:38.384 [main] INFO  cn.edu.jxnu.server.ServerApplication - Starting ServerApplication using Java 1.8.0_241 on hanhan with PID 6100 (E:\ProjectJava\CloudDrawing\server\target\classes started by Asus in E:\ProjectJava\CloudDrawing\server)
00:12:38.387 [main] INFO  cn.edu.jxnu.server.ServerApplication - The following 1 profile is active: "dev"
00:12:39.319 [main] INFO  o.s.b.w.e.tomcat.TomcatWebServer - Tomcat initialized with port(s): 4000 (http)
00:12:39.325 [main] INFO  o.a.coyote.http11.Http11NioProtocol - Initializing ProtocolHandler ["http-nio-4000"]
00:12:39.325 [main] INFO  o.a.catalina.core.StandardService - Starting service [Tomcat]
00:12:39.325 [main] INFO  o.a.catalina.core.StandardEngine - Starting Servlet engine: [Apache Tomcat/9.0.60]
00:12:39.431 [main] INFO  o.a.c.c.C.[Tomcat].[localhost].[/] - Initializing Spring embedded WebApplicationContext
00:12:39.431 [main] INFO  o.s.b.w.s.c.ServletWebServerApplicationContext - Root WebApplicationContext: initialization completed in 1004 ms
00:12:39.954 [main] WARN  o.s.b.a.t.ThymeleafAutoConfiguration$DefaultTemplateResolverConfiguration - Cannot find template location: classpath:/templates/ (please add some templates or check your Thymeleaf configuration)
00:12:40.011 [main] INFO  o.a.coyote.http11.Http11NioProtocol - Starting ProtocolHandler ["http-nio-4000"]
00:12:40.023 [main] INFO  o.s.b.w.e.tomcat.TomcatWebServer - Tomcat started on port(s): 4000 (http) with context path ''
00:12:40.053 [main] INFO  cn.edu.jxnu.server.ServerApplication - Started ServerApplication in 2.031 seconds (JVM running for 2.879)
00:12:44.971 [http-nio-4000-exec-1] INFO  o.a.c.c.C.[Tomcat].[localhost].[/] - Initializing Spring DispatcherServlet 'dispatcherServlet'
00:12:44.971 [http-nio-4000-exec-1] INFO  o.s.web.servlet.DispatcherServlet - Initializing Servlet 'dispatcherServlet'
00:12:44.972 [http-nio-4000-exec-1] INFO  o.s.web.servlet.DispatcherServlet - Completed initialization in 1 ms
