11:39:53.452 [main] INFO  cn.edu.jxnu.server.ServerApplication - Starting ServerApplication using Java 1.8.0_241 on hanhan with PID 10736 (E:\ProjectJava\CloudDrawing\server\target\classes started by Asus in E:\ProjectJava\CloudDrawing\server)
11:39:53.455 [main] INFO  cn.edu.jxnu.server.ServerApplication - The following 1 profile is active: "dev"
11:39:54.468 [main] INFO  o.s.b.w.e.tomcat.TomcatWebServer - Tomcat initialized with port(s): 4000 (http)
11:39:54.475 [main] INFO  o.a.coyote.http11.Http11NioProtocol - Initializing ProtocolHandler ["http-nio-4000"]
11:39:54.476 [main] INFO  o.a.catalina.core.StandardService - Starting service [Tomcat]
11:39:54.476 [main] INFO  o.a.catalina.core.StandardEngine - Starting Servlet engine: [Apache Tomcat/9.0.60]
11:39:54.612 [main] INFO  o.a.c.c.C.[Tomcat].[localhost].[/] - Initializing Spring embedded WebApplicationContext
11:39:54.612 [main] INFO  o.s.b.w.s.c.ServletWebServerApplicationContext - Root WebApplicationContext: initialization completed in 1117 ms
11:39:55.206 [main] WARN  o.s.b.a.t.ThymeleafAutoConfiguration$DefaultTemplateResolverConfiguration - Cannot find template location: classpath:/templates/ (please add some templates or check your Thymeleaf configuration)
11:39:55.265 [main] INFO  o.a.coyote.http11.Http11NioProtocol - Starting ProtocolHandler ["http-nio-4000"]
11:39:55.278 [main] INFO  o.s.b.w.e.tomcat.TomcatWebServer - Tomcat started on port(s): 4000 (http) with context path ''
11:39:55.312 [main] INFO  cn.edu.jxnu.server.ServerApplication - Started ServerApplication in 2.309 seconds (JVM running for 3.342)
11:40:17.461 [http-nio-4000-exec-1] INFO  o.a.c.c.C.[Tomcat].[localhost].[/] - Initializing Spring DispatcherServlet 'dispatcherServlet'
11:40:17.461 [http-nio-4000-exec-1] INFO  o.s.web.servlet.DispatcherServlet - Initializing Servlet 'dispatcherServlet'
11:40:17.462 [http-nio-4000-exec-1] INFO  o.s.web.servlet.DispatcherServlet - Completed initialization in 1 ms
11:40:17.479 [http-nio-4000-exec-1] INFO  c.e.j.s.controller.UserController - =====查询所有日记信息=====
11:40:17.493 [http-nio-4000-exec-1] INFO  com.zaxxer.hikari.HikariDataSource - hanhan - Starting...
11:40:18.036 [http-nio-4000-exec-1] INFO  com.zaxxer.hikari.HikariDataSource - hanhan - Start completed.
12:01:03.510 [http-nio-4000-exec-2] INFO  c.e.j.s.controller.UserController - =====查询所有日记信息=====
12:02:07.615 [http-nio-4000-exec-3] INFO  c.e.j.s.controller.UserController - =====查询所有日记信息=====
12:02:10.256 [http-nio-4000-exec-8] INFO  c.e.j.s.controller.UserController - =====查询所有日记信息=====
12:08:37.907 [http-nio-4000-exec-10] INFO  c.e.j.s.controller.UserController - =====查询所有日记信息=====
12:08:42.784 [http-nio-4000-exec-6] INFO  c.e.j.s.controller.UserController - =====查询所有日记信息=====
12:08:57.895 [http-nio-4000-exec-7] INFO  c.e.j.s.controller.UserController - =====查询所有日记信息=====
12:08:59.903 [http-nio-4000-exec-4] INFO  c.e.j.s.controller.UserController - =====查询所有日记信息=====
12:10:15.282 [http-nio-4000-exec-9] INFO  c.e.j.s.controller.UserController - =====查询所有日记信息=====
15:53:50.723 [http-nio-4000-exec-5] INFO  c.e.j.s.controller.UserController - =====查询所有日记信息=====
16:36:19.474 [http-nio-4000-exec-1] INFO  c.e.j.s.controller.UserController - =====查询所有日记信息=====
16:36:36.799 [http-nio-4000-exec-2] INFO  c.e.j.s.controller.UserController - =====查询所有日记信息=====
16:36:37.103 [http-nio-4000-exec-3] INFO  c.e.j.s.controller.UserController - =====查询所有日记信息=====
16:36:37.109 [http-nio-4000-exec-8] INFO  c.e.j.s.controller.UserController - =====查询所有日记信息=====
16:37:07.213 [http-nio-4000-exec-10] INFO  c.e.j.s.controller.UserController - =====查询所有日记信息=====
16:37:07.511 [http-nio-4000-exec-6] INFO  c.e.j.s.controller.UserController - =====查询所有日记信息=====
