09:57:06.175 [main] INFO  o.s.b.t.c.SpringBootTestContextBootstrapper - Neither @ContextConfiguration nor @ContextHierarchy found for test class [cn.edu.jxnu.server.CloudDrawingApplicationTests], using SpringBootContextLoader
09:57:06.188 [main] INFO  o.s.t.c.s.AbstractContextLoader - Could not detect default resource locations for test class [cn.edu.jxnu.server.CloudDrawingApplicationTests]: no resource found for suffixes {-context.xml, Context.groovy}.
09:57:06.190 [main] INFO  o.s.t.c.s.AnnotationConfigContextLoaderUtils - Could not detect default configuration classes for test class [cn.edu.jxnu.server.CloudDrawingApplicationTests]: CloudDrawingApplicationTests does not declare any static, non-private, non-final, nested classes annotated with @Configuration.
09:57:06.768 [main] INFO  o.s.b.t.c.SpringBootTestContextBootstrapper - Found @SpringBootConfiguration cn.edu.jxnu.server.CloudDrawingApplication for test class cn.edu.jxnu.server.CloudDrawingApplicationTests
09:57:07.104 [main] INFO  o.s.b.t.c.SpringBootTestContextBootstrapper - Loaded default TestExecutionListener class names from location [META-INF/spring.factories]: [org.springframework.boot.test.mock.mockito.MockitoTestExecutionListener, org.springframework.boot.test.mock.mockito.ResetMocksTestExecutionListener, org.springframework.boot.test.autoconfigure.restdocs.RestDocsTestExecutionListener, org.springframework.boot.test.autoconfigure.web.client.MockRestServiceServerResetTestExecutionListener, org.springframework.boot.test.autoconfigure.web.servlet.MockMvcPrintOnlyOnFailureTestExecutionListener, org.springframework.boot.test.autoconfigure.web.servlet.WebDriverTestExecutionListener, org.springframework.boot.test.autoconfigure.webservices.client.MockWebServiceServerTestExecutionListener, org.springframework.test.context.web.ServletTestExecutionListener, org.springframework.test.context.support.DirtiesContextBeforeModesTestExecutionListener, org.springframework.test.context.event.ApplicationEventsTestExecutionListener, org.springframework.test.context.support.DependencyInjectionTestExecutionListener, org.springframework.test.context.support.DirtiesContextTestExecutionListener, org.springframework.test.context.transaction.TransactionalTestExecutionListener, org.springframework.test.context.jdbc.SqlScriptsTestExecutionListener, org.springframework.test.context.event.EventPublishingTestExecutionListener]
09:57:07.119 [main] INFO  o.s.b.t.c.SpringBootTestContextBootstrapper - Using TestExecutionListeners: [org.springframework.test.context.web.ServletTestExecutionListener@2663e964, org.springframework.test.context.support.DirtiesContextBeforeModesTestExecutionListener@48b67364, org.springframework.test.context.event.ApplicationEventsTestExecutionListener@189cbd7c, org.springframework.boot.test.mock.mockito.MockitoTestExecutionListener@7bf3a5d8, org.springframework.boot.test.autoconfigure.SpringBootDependencyInjectionTestExecutionListener@42e25b0b, org.springframework.test.context.support.DirtiesContextTestExecutionListener@39b43d60, org.springframework.test.context.transaction.TransactionalTestExecutionListener@44be0077, org.springframework.test.context.jdbc.SqlScriptsTestExecutionListener@2205a05d, org.springframework.test.context.event.EventPublishingTestExecutionListener@72ef8d15, org.springframework.boot.test.mock.mockito.ResetMocksTestExecutionListener@6aa8e115, org.springframework.boot.test.autoconfigure.restdocs.RestDocsTestExecutionListener@5e21e98f, org.springframework.boot.test.autoconfigure.web.client.MockRestServiceServerResetTestExecutionListener@51a9ad5e, org.springframework.boot.test.autoconfigure.web.servlet.MockMvcPrintOnlyOnFailureTestExecutionListener@5f20155b, org.springframework.boot.test.autoconfigure.web.servlet.WebDriverTestExecutionListener@72ade7e3, org.springframework.boot.test.autoconfigure.webservices.client.MockWebServiceServerTestExecutionListener@239105a8]
09:57:08.005 [main] INFO  c.e.j.c.CloudDrawingApplicationTests - Starting CloudDrawingApplicationTests using Java 1.8.0_321 on hanhans-MacBook-Air.local with PID 43005 (started by wuwenlong in /Users/wuwenlong/Documents/ProjectIdea/CloudDrawing/server)
09:57:08.007 [main] INFO  c.e.j.c.CloudDrawingApplicationTests - The following 1 profile is active: "dev"
09:57:14.347 [main] WARN  o.s.b.a.t.ThymeleafAutoConfiguration$DefaultTemplateResolverConfiguration - Cannot find template location: classpath:/templates/ (please add some templates or check your Thymeleaf configuration)
09:57:15.037 [main] INFO  c.e.j.c.CloudDrawingApplicationTests - Started CloudDrawingApplicationTests in 7.857 seconds (JVM running for 11.242)
09:57:15.409 [main] INFO  com.zaxxer.hikari.HikariDataSource - hanhan - Starting...
09:57:16.318 [main] INFO  com.zaxxer.hikari.HikariDataSource - hanhan - Start completed.
09:57:16.556 [SpringApplicationShutdownHook] INFO  com.zaxxer.hikari.HikariDataSource - hanhan - Shutdown initiated...
09:57:16.617 [SpringApplicationShutdownHook] INFO  com.zaxxer.hikari.HikariDataSource - hanhan - Shutdown completed.
10:10:21.655 [main] INFO  c.e.j.c.CloudDrawingApplication - Starting CloudDrawingApplication using Java 1.8.0_321 on hanhans-MacBook-Air.local with PID 43553 (/Users/wuwenlong/Documents/ProjectIdea/CloudDrawing/server/target/classes started by wuwenlong in /Users/wuwenlong/Documents/ProjectIdea/CloudDrawing/server)
10:10:21.664 [main] INFO  c.e.j.c.CloudDrawingApplication - The following 1 profile is active: "dev"
10:10:23.465 [main] INFO  o.s.b.w.e.tomcat.TomcatWebServer - Tomcat initialized with port(s): 4000 (http)
10:10:23.472 [main] INFO  o.a.coyote.http11.Http11NioProtocol - Initializing ProtocolHandler ["http-nio-4000"]
10:10:23.473 [main] INFO  o.a.catalina.core.StandardService - Starting service [Tomcat]
10:10:23.473 [main] INFO  o.a.catalina.core.StandardEngine - Starting Servlet engine: [Apache Tomcat/9.0.60]
10:10:23.635 [main] INFO  o.a.c.c.C.[Tomcat].[localhost].[/] - Initializing Spring embedded WebApplicationContext
10:10:23.635 [main] INFO  o.s.b.w.s.c.ServletWebServerApplicationContext - Root WebApplicationContext: initialization completed in 1833 ms
10:10:24.792 [main] WARN  o.s.b.a.t.ThymeleafAutoConfiguration$DefaultTemplateResolverConfiguration - Cannot find template location: classpath:/templates/ (please add some templates or check your Thymeleaf configuration)
10:10:24.987 [main] INFO  o.a.coyote.http11.Http11NioProtocol - Starting ProtocolHandler ["http-nio-4000"]
10:10:25.047 [main] INFO  o.s.b.w.e.tomcat.TomcatWebServer - Tomcat started on port(s): 4000 (http) with context path ''
10:10:25.503 [main] INFO  c.e.j.c.CloudDrawingApplication - Started CloudDrawingApplication in 4.698 seconds (JVM running for 5.626)
10:10:39.150 [http-nio-4000-exec-1] INFO  o.a.c.c.C.[Tomcat].[localhost].[/] - Initializing Spring DispatcherServlet 'dispatcherServlet'
10:10:39.153 [http-nio-4000-exec-1] INFO  o.s.web.servlet.DispatcherServlet - Initializing Servlet 'dispatcherServlet'
10:10:39.175 [http-nio-4000-exec-1] INFO  o.s.web.servlet.DispatcherServlet - Completed initialization in 22 ms
10:10:45.436 [http-nio-4000-exec-3] INFO  c.e.j.c.controller.UserController - =====查询所有日记信息=====
10:10:45.492 [http-nio-4000-exec-3] INFO  com.zaxxer.hikari.HikariDataSource - hanhan - Starting...
10:10:45.957 [http-nio-4000-exec-3] INFO  com.zaxxer.hikari.HikariDataSource - hanhan - Start completed.
11:29:28.078 [http-nio-4000-exec-6] INFO  c.e.j.c.controller.UserController - =====查询所有日记信息=====
11:44:46.862 [http-nio-4000-exec-10] INFO  c.e.j.c.controller.UserController - =====查询所有日记信息=====
11:45:12.243 [http-nio-4000-exec-1] INFO  c.e.j.c.controller.UserController - =====查询所有日记信息=====
11:50:10.634 [http-nio-4000-exec-2] INFO  c.e.j.c.controller.UserController - =====查询所有日记信息=====
11:50:54.466 [http-nio-4000-exec-3] INFO  c.e.j.c.controller.UserController - =====查询所有日记信息=====
11:51:00.422 [http-nio-4000-exec-4] INFO  c.e.j.c.controller.UserController - =====查询所有日记信息=====
12:10:07.889 [http-nio-4000-exec-6] INFO  c.e.j.c.controller.UserController - =====查询所有日记信息=====
12:24:45.245 [hanhan housekeeper] WARN  com.zaxxer.hikari.pool.HikariPool - hanhan - Thread starvation or clock leap detected (housekeeper delta=3m57s398ms).
12:28:10.224 [hanhan housekeeper] WARN  com.zaxxer.hikari.pool.HikariPool - hanhan - Thread starvation or clock leap detected (housekeeper delta=1m42s440ms).
12:31:04.802 [hanhan housekeeper] WARN  com.zaxxer.hikari.pool.HikariPool - hanhan - Thread starvation or clock leap detected (housekeeper delta=1m42s249ms).
12:32:24.110 [hanhan housekeeper] WARN  com.zaxxer.hikari.pool.HikariPool - hanhan - Thread starvation or clock leap detected (housekeeper delta=49s298ms).
13:09:29.516 [http-nio-4000-exec-8] INFO  c.e.j.c.controller.UserController - =====查询所有日记信息=====
13:12:11.310 [http-nio-4000-exec-9] INFO  c.e.j.c.controller.UserController - =====查询所有日记信息=====
13:12:41.928 [http-nio-4000-exec-10] INFO  c.e.j.c.controller.UserController - =====查询所有日记信息=====
13:13:14.173 [http-nio-4000-exec-1] INFO  c.e.j.c.controller.UserController - =====查询所有日记信息=====
13:13:47.682 [http-nio-4000-exec-2] INFO  c.e.j.c.controller.UserController - =====查询所有日记信息=====
13:14:07.828 [http-nio-4000-exec-3] INFO  c.e.j.c.controller.UserController - =====查询所有日记信息=====
13:14:16.159 [http-nio-4000-exec-4] INFO  c.e.j.c.controller.UserController - =====查询所有日记信息=====
13:15:33.568 [SpringApplicationShutdownHook] INFO  com.zaxxer.hikari.HikariDataSource - hanhan - Shutdown initiated...
13:15:33.695 [SpringApplicationShutdownHook] INFO  com.zaxxer.hikari.HikariDataSource - hanhan - Shutdown completed.
13:15:40.621 [main] INFO  c.e.j.c.CloudDrawingApplication - Starting CloudDrawingApplication using Java 1.8.0_321 on hanhans-MacBook-Air.local with PID 48346 (/Users/wuwenlong/Documents/ProjectIdea/CloudDrawing/server/target/classes started by wuwenlong in /Users/wuwenlong/Documents/ProjectIdea/CloudDrawing/server)
13:15:40.626 [main] INFO  c.e.j.c.CloudDrawingApplication - The following 1 profile is active: "dev"
13:15:42.192 [main] INFO  o.s.b.w.e.tomcat.TomcatWebServer - Tomcat initialized with port(s): 4000 (http)
13:15:42.199 [main] INFO  o.a.coyote.http11.Http11NioProtocol - Initializing ProtocolHandler ["http-nio-4000"]
13:15:42.200 [main] INFO  o.a.catalina.core.StandardService - Starting service [Tomcat]
13:15:42.200 [main] INFO  o.a.catalina.core.StandardEngine - Starting Servlet engine: [Apache Tomcat/9.0.60]
13:15:42.339 [main] INFO  o.a.c.c.C.[Tomcat].[localhost].[/] - Initializing Spring embedded WebApplicationContext
13:15:42.339 [main] INFO  o.s.b.w.s.c.ServletWebServerApplicationContext - Root WebApplicationContext: initialization completed in 1668 ms
13:15:43.268 [main] WARN  o.s.b.a.t.ThymeleafAutoConfiguration$DefaultTemplateResolverConfiguration - Cannot find template location: classpath:/templates/ (please add some templates or check your Thymeleaf configuration)
13:15:43.348 [main] INFO  o.a.coyote.http11.Http11NioProtocol - Starting ProtocolHandler ["http-nio-4000"]
13:15:43.363 [main] INFO  o.s.b.w.e.tomcat.TomcatWebServer - Tomcat started on port(s): 4000 (http) with context path ''
13:15:43.489 [main] INFO  c.e.j.c.CloudDrawingApplication - Started CloudDrawingApplication in 3.528 seconds (JVM running for 4.656)
13:15:47.150 [http-nio-4000-exec-1] INFO  o.a.c.c.C.[Tomcat].[localhost].[/] - Initializing Spring DispatcherServlet 'dispatcherServlet'
13:15:47.152 [http-nio-4000-exec-1] INFO  o.s.web.servlet.DispatcherServlet - Initializing Servlet 'dispatcherServlet'
13:15:47.159 [http-nio-4000-exec-1] INFO  o.s.web.servlet.DispatcherServlet - Completed initialization in 7 ms
13:15:47.200 [http-nio-4000-exec-1] INFO  c.e.j.c.controller.UserController - =====查询所有日记信息=====
13:15:47.218 [http-nio-4000-exec-1] INFO  com.zaxxer.hikari.HikariDataSource - hanhan - Starting...
13:15:47.625 [http-nio-4000-exec-1] INFO  com.zaxxer.hikari.HikariDataSource - hanhan - Start completed.
13:21:05.201 [SpringApplicationShutdownHook] INFO  com.zaxxer.hikari.HikariDataSource - hanhan - Shutdown initiated...
13:21:05.281 [SpringApplicationShutdownHook] INFO  com.zaxxer.hikari.HikariDataSource - hanhan - Shutdown completed.
13:21:12.478 [main] INFO  c.e.j.c.CloudDrawingApplication - Starting CloudDrawingApplication using Java 1.8.0_321 on hanhans-MacBook-Air.local with PID 48464 (/Users/wuwenlong/Documents/ProjectIdea/CloudDrawing/server/target/classes started by wuwenlong in /Users/wuwenlong/Documents/ProjectIdea/CloudDrawing/server)
13:21:12.480 [main] INFO  c.e.j.c.CloudDrawingApplication - The following 1 profile is active: "dev"
13:21:14.195 [main] INFO  o.s.b.w.e.tomcat.TomcatWebServer - Tomcat initialized with port(s): 4000 (http)
13:21:14.245 [main] INFO  o.a.coyote.http11.Http11NioProtocol - Initializing ProtocolHandler ["http-nio-4000"]
13:21:14.245 [main] INFO  o.a.catalina.core.StandardService - Starting service [Tomcat]
13:21:14.246 [main] INFO  o.a.catalina.core.StandardEngine - Starting Servlet engine: [Apache Tomcat/9.0.60]
13:21:14.463 [main] INFO  o.a.c.c.C.[Tomcat].[localhost].[/] - Initializing Spring embedded WebApplicationContext
13:21:14.463 [main] INFO  o.s.b.w.s.c.ServletWebServerApplicationContext - Root WebApplicationContext: initialization completed in 1932 ms
13:21:15.830 [main] WARN  o.s.b.a.t.ThymeleafAutoConfiguration$DefaultTemplateResolverConfiguration - Cannot find template location: classpath:/templates/ (please add some templates or check your Thymeleaf configuration)
13:21:15.965 [main] INFO  o.a.coyote.http11.Http11NioProtocol - Starting ProtocolHandler ["http-nio-4000"]
13:21:15.982 [main] INFO  o.s.b.w.e.tomcat.TomcatWebServer - Tomcat started on port(s): 4000 (http) with context path ''
13:21:16.182 [main] INFO  c.e.j.c.CloudDrawingApplication - Started CloudDrawingApplication in 4.295 seconds (JVM running for 5.418)
13:21:23.211 [http-nio-4000-exec-1] INFO  o.a.c.c.C.[Tomcat].[localhost].[/] - Initializing Spring DispatcherServlet 'dispatcherServlet'
13:21:23.214 [http-nio-4000-exec-1] INFO  o.s.web.servlet.DispatcherServlet - Initializing Servlet 'dispatcherServlet'
13:21:23.225 [http-nio-4000-exec-1] INFO  o.s.web.servlet.DispatcherServlet - Completed initialization in 11 ms
13:21:23.257 [http-nio-4000-exec-1] INFO  c.e.j.c.controller.UserController - =====查询所有日记信息=====
13:21:23.270 [http-nio-4000-exec-1] INFO  com.zaxxer.hikari.HikariDataSource - hanhan - Starting...
13:21:23.675 [http-nio-4000-exec-1] INFO  com.zaxxer.hikari.HikariDataSource - hanhan - Start completed.
13:21:28.639 [http-nio-4000-exec-2] INFO  c.e.j.c.controller.UserController - =====查询所有日记信息=====
13:22:08.691 [http-nio-4000-exec-4] INFO  c.e.j.c.controller.UserController - =====查询所有日记信息=====
13:22:11.709 [http-nio-4000-exec-5] INFO  c.e.j.c.controller.UserController - =====查询所有日记信息=====
13:22:26.294 [http-nio-4000-exec-6] INFO  c.e.j.c.controller.UserController - =====查询所有日记信息=====
13:22:27.903 [http-nio-4000-exec-7] INFO  c.e.j.c.controller.UserController - =====查询所有日记信息=====
13:23:28.062 [http-nio-4000-exec-8] INFO  c.e.j.c.controller.UserController - =====查询所有日记信息=====
13:24:15.825 [http-nio-4000-exec-9] INFO  c.e.j.c.controller.UserController - =====查询所有日记信息=====
13:27:36.596 [http-nio-4000-exec-10] INFO  c.e.j.c.controller.UserController - =====查询所有日记信息=====
13:28:55.996 [http-nio-4000-exec-1] INFO  c.e.j.c.controller.UserController - =====查询所有日记信息=====
13:41:21.649 [http-nio-4000-exec-2] INFO  c.e.j.c.controller.UserController - =====查询所有日记信息=====
13:41:56.181 [http-nio-4000-exec-4] INFO  c.e.j.c.controller.UserController - =====查询所有日记信息=====
13:42:04.576 [http-nio-4000-exec-5] INFO  c.e.j.c.controller.UserController - =====查询所有日记信息=====
13:42:07.116 [http-nio-4000-exec-6] INFO  c.e.j.c.controller.UserController - =====查询所有日记信息=====
13:42:16.391 [http-nio-4000-exec-7] INFO  c.e.j.c.controller.UserController - =====查询所有日记信息=====
13:43:47.888 [http-nio-4000-exec-8] INFO  c.e.j.c.controller.UserController - =====查询所有日记信息=====
13:43:47.916 [http-nio-4000-exec-9] INFO  c.e.j.c.controller.UserController - =====查询所有日记信息=====
13:45:04.634 [http-nio-4000-exec-10] INFO  c.e.j.c.controller.UserController - =====查询所有日记信息=====
13:45:04.908 [http-nio-4000-exec-1] INFO  c.e.j.c.controller.UserController - =====查询所有日记信息=====
13:46:20.849 [http-nio-4000-exec-2] INFO  c.e.j.c.controller.UserController - =====查询所有日记信息=====
13:46:20.943 [http-nio-4000-exec-3] INFO  c.e.j.c.controller.UserController - =====查询所有日记信息=====
13:46:24.049 [http-nio-4000-exec-4] INFO  c.e.j.c.controller.UserController - =====查询所有日记信息=====
13:48:37.986 [http-nio-4000-exec-5] INFO  c.e.j.c.controller.UserController - =====查询所有日记信息=====
13:49:57.958 [http-nio-4000-exec-6] INFO  c.e.j.c.controller.UserController - =====查询所有日记信息=====
13:50:07.055 [http-nio-4000-exec-7] INFO  c.e.j.c.controller.UserController - =====查询所有日记信息=====
14:02:45.726 [http-nio-4000-exec-8] INFO  c.e.j.c.controller.UserController - =====查询所有日记信息=====
14:02:45.772 [http-nio-4000-exec-9] INFO  c.e.j.c.controller.UserController - =====查询所有日记信息=====
14:09:48.545 [http-nio-4000-exec-10] INFO  c.e.j.c.controller.UserController - =====查询所有日记信息=====
14:09:48.679 [http-nio-4000-exec-1] INFO  c.e.j.c.controller.UserController - =====查询所有日记信息=====
14:09:51.107 [http-nio-4000-exec-2] INFO  c.e.j.c.controller.UserController - =====查询所有日记信息=====
14:10:03.388 [http-nio-4000-exec-3] INFO  c.e.j.c.controller.UserController - =====查询所有日记信息=====
14:10:04.164 [http-nio-4000-exec-4] INFO  c.e.j.c.controller.UserController - =====查询所有日记信息=====
14:27:02.583 [http-nio-4000-exec-5] INFO  c.e.j.c.controller.UserController - =====查询所有日记信息=====
14:27:49.426 [http-nio-4000-exec-6] INFO  c.e.j.c.controller.UserController - =====查询所有日记信息=====
14:31:20.173 [http-nio-4000-exec-7] INFO  c.e.j.c.controller.UserController - =====查询所有日记信息=====
14:39:02.679 [http-nio-4000-exec-8] INFO  c.e.j.c.controller.UserController - =====查询所有日记信息=====
14:40:16.562 [SpringApplicationShutdownHook] INFO  com.zaxxer.hikari.HikariDataSource - hanhan - Shutdown initiated...
14:40:16.622 [SpringApplicationShutdownHook] INFO  com.zaxxer.hikari.HikariDataSource - hanhan - Shutdown completed.
14:43:51.434 [main] INFO  c.e.j.c.CloudDrawingApplication - Starting CloudDrawingApplication using Java 1.8.0_321 on hanhans-MacBook-Air.local with PID 50566 (/Users/wuwenlong/Documents/ProjectIdea/CloudDrawing/server/target/classes started by wuwenlong in /Users/wuwenlong/Documents/ProjectIdea/CloudDrawing/server)
14:43:51.438 [main] INFO  c.e.j.c.CloudDrawingApplication - The following 1 profile is active: "dev"
14:43:53.016 [main] INFO  o.s.b.w.e.tomcat.TomcatWebServer - Tomcat initialized with port(s): 4000 (http)
14:43:53.024 [main] INFO  o.a.coyote.http11.Http11NioProtocol - Initializing ProtocolHandler ["http-nio-4000"]
14:43:53.025 [main] INFO  o.a.catalina.core.StandardService - Starting service [Tomcat]
14:43:53.025 [main] INFO  o.a.catalina.core.StandardEngine - Starting Servlet engine: [Apache Tomcat/9.0.60]
14:43:53.161 [main] INFO  o.a.c.c.C.[Tomcat].[localhost].[/] - Initializing Spring embedded WebApplicationContext
14:43:53.162 [main] INFO  o.s.b.w.s.c.ServletWebServerApplicationContext - Root WebApplicationContext: initialization completed in 1681 ms
14:43:54.108 [main] WARN  o.s.b.a.t.ThymeleafAutoConfiguration$DefaultTemplateResolverConfiguration - Cannot find template location: classpath:/templates/ (please add some templates or check your Thymeleaf configuration)
14:43:54.192 [main] INFO  o.a.coyote.http11.Http11NioProtocol - Starting ProtocolHandler ["http-nio-4000"]
14:43:54.207 [main] INFO  o.s.b.w.e.tomcat.TomcatWebServer - Tomcat started on port(s): 4000 (http) with context path ''
14:43:54.338 [main] INFO  c.e.j.c.CloudDrawingApplication - Started CloudDrawingApplication in 3.468 seconds (JVM running for 4.347)
14:44:04.832 [http-nio-4000-exec-1] INFO  o.a.c.c.C.[Tomcat].[localhost].[/] - Initializing Spring DispatcherServlet 'dispatcherServlet'
14:44:04.837 [http-nio-4000-exec-1] INFO  o.s.web.servlet.DispatcherServlet - Initializing Servlet 'dispatcherServlet'
14:44:04.886 [http-nio-4000-exec-1] INFO  o.s.web.servlet.DispatcherServlet - Completed initialization in 49 ms
14:44:04.929 [http-nio-4000-exec-1] INFO  c.e.j.c.controller.UserController - =====查询所有日记信息=====
14:44:04.949 [http-nio-4000-exec-1] INFO  com.zaxxer.hikari.HikariDataSource - hanhan - Starting...
14:44:05.683 [http-nio-4000-exec-1] INFO  com.zaxxer.hikari.HikariDataSource - hanhan - Start completed.
14:55:07.290 [http-nio-4000-exec-3] INFO  c.e.j.c.controller.UserController - =====查询所有日记信息=====
14:55:08.068 [http-nio-4000-exec-4] INFO  c.e.j.c.controller.UserController - =====查询所有日记信息=====
14:55:33.819 [http-nio-4000-exec-5] INFO  c.e.j.c.controller.UserController - =====查询所有日记信息=====
14:58:51.210 [http-nio-4000-exec-6] INFO  c.e.j.c.controller.UserController - =====查询所有日记信息=====
15:01:50.165 [http-nio-4000-exec-7] INFO  c.e.j.c.controller.UserController - =====查询所有日记信息=====
15:01:53.110 [http-nio-4000-exec-8] INFO  c.e.j.c.controller.UserController - =====查询所有日记信息=====
15:32:05.966 [http-nio-4000-exec-9] INFO  c.e.j.c.controller.UserController - =====查询所有日记信息=====
15:32:15.990 [http-nio-4000-exec-10] INFO  c.e.j.c.controller.UserController - =====查询所有日记信息=====
15:32:17.084 [http-nio-4000-exec-1] INFO  c.e.j.c.controller.UserController - =====查询所有日记信息=====
16:55:21.772 [http-nio-4000-exec-2] INFO  c.e.j.c.controller.UserController - =====查询所有日记信息=====
16:55:23.770 [http-nio-4000-exec-3] INFO  c.e.j.c.controller.UserController - =====查询所有日记信息=====
16:55:29.965 [http-nio-4000-exec-4] INFO  c.e.j.c.controller.UserController - =====查询所有日记信息=====
16:55:30.790 [http-nio-4000-exec-5] INFO  c.e.j.c.controller.UserController - =====查询所有日记信息=====
16:56:00.872 [http-nio-4000-exec-6] INFO  c.e.j.c.controller.UserController - =====查询所有日记信息=====
16:56:46.463 [http-nio-4000-exec-8] INFO  c.e.j.c.controller.UserController - =====查询所有日记信息=====
16:57:19.277 [http-nio-4000-exec-9] INFO  c.e.j.c.controller.UserController - =====查询所有日记信息=====
16:57:35.233 [http-nio-4000-exec-10] INFO  c.e.j.c.controller.UserController - =====查询所有日记信息=====
16:57:43.184 [http-nio-4000-exec-1] INFO  c.e.j.c.controller.UserController - =====查询所有日记信息=====
16:58:09.538 [http-nio-4000-exec-2] INFO  c.e.j.c.controller.UserController - =====查询所有日记信息=====
16:58:13.961 [http-nio-4000-exec-3] INFO  c.e.j.c.controller.UserController - =====查询所有日记信息=====
16:59:30.789 [http-nio-4000-exec-4] INFO  c.e.j.c.controller.UserController - =====查询所有日记信息=====
17:00:10.662 [http-nio-4000-exec-5] INFO  c.e.j.c.controller.UserController - =====查询所有日记信息=====
17:04:07.381 [SpringApplicationShutdownHook] INFO  com.zaxxer.hikari.HikariDataSource - hanhan - Shutdown initiated...
17:04:07.583 [SpringApplicationShutdownHook] INFO  com.zaxxer.hikari.HikariDataSource - hanhan - Shutdown completed.
20:42:55.814 [main] ERROR o.s.b.d.LoggingFailureAnalysisReporter -

***************************
APPLICATION FAILED TO START
***************************

Description:

An attempt was made to call a method that does not exist. The attempt was made from the following location:

    org.springframework.boot.SpringApplication.run(SpringApplication.java:301)

The following method did not exist:

    org.springframework.context.ConfigurableApplicationContext.setApplicationStartup(Lorg/springframework/core/metrics/ApplicationStartup;)V

The calling method's class, org.springframework.boot.SpringApplication, was loaded from the following location:

    jar:file:/C:/Users/Asus/.m2/repository/org/springframework/boot/spring-boot/2.6.5/spring-boot-2.6.5.jar!/org/springframework/boot/SpringApplication.class

The called method's class, org.springframework.context.ConfigurableApplicationContext, is available from the following locations:

    jar:file:/E:/ProjectJava/CloudDrawing/server/lib/spring-context-5.2.3.RELEASE.jar!/org/springframework/context/ConfigurableApplicationContext.class
    jar:file:/C:/Users/Asus/.m2/repository/org/springframework/spring-context/5.3.17/spring-context-5.3.17.jar!/org/springframework/context/ConfigurableApplicationContext.class

The called method's class hierarchy was loaded from the following locations:

    org.springframework.context.ConfigurableApplicationContext: file:/E:/ProjectJava/CloudDrawing/server/lib/spring-context-5.2.3.RELEASE.jar


Action:

Correct the classpath of your application so that it contains compatible versions of the classes org.springframework.boot.SpringApplication and org.springframework.context.ConfigurableApplicationContext

20:44:06.954 [main] ERROR o.s.b.d.LoggingFailureAnalysisReporter -

***************************
APPLICATION FAILED TO START
***************************

Description:

An attempt was made to call a method that does not exist. The attempt was made from the following location:

    org.springframework.boot.SpringApplication.run(SpringApplication.java:301)

The following method did not exist:

    org.springframework.context.ConfigurableApplicationContext.setApplicationStartup(Lorg/springframework/core/metrics/ApplicationStartup;)V

The calling method's class, org.springframework.boot.SpringApplication, was loaded from the following location:

    jar:file:/C:/Users/Asus/.m2/repository/org/springframework/boot/spring-boot/2.6.5/spring-boot-2.6.5.jar!/org/springframework/boot/SpringApplication.class

The called method's class, org.springframework.context.ConfigurableApplicationContext, is available from the following locations:

    jar:file:/E:/ProjectJava/CloudDrawing/server/lib/spring-context-5.2.3.RELEASE.jar!/org/springframework/context/ConfigurableApplicationContext.class
    jar:file:/C:/Users/Asus/.m2/repository/org/springframework/spring-context/5.3.17/spring-context-5.3.17.jar!/org/springframework/context/ConfigurableApplicationContext.class

The called method's class hierarchy was loaded from the following locations:

    org.springframework.context.ConfigurableApplicationContext: file:/E:/ProjectJava/CloudDrawing/server/lib/spring-context-5.2.3.RELEASE.jar


Action:

Correct the classpath of your application so that it contains compatible versions of the classes org.springframework.boot.SpringApplication and org.springframework.context.ConfigurableApplicationContext

20:46:24.972 [main] ERROR o.s.b.d.LoggingFailureAnalysisReporter -

***************************
APPLICATION FAILED TO START
***************************

Description:

An attempt was made to call a method that does not exist. The attempt was made from the following location:

    org.springframework.boot.SpringApplication.run(SpringApplication.java:301)

The following method did not exist:

    org.springframework.context.ConfigurableApplicationContext.setApplicationStartup(Lorg/springframework/core/metrics/ApplicationStartup;)V

The calling method's class, org.springframework.boot.SpringApplication, was loaded from the following location:

    jar:file:/C:/Users/Asus/.m2/repository/org/springframework/boot/spring-boot/2.6.5/spring-boot-2.6.5.jar!/org/springframework/boot/SpringApplication.class

The called method's class, org.springframework.context.ConfigurableApplicationContext, is available from the following locations:

    jar:file:/E:/ProjectJava/CloudDrawing/server/lib/spring-context-5.2.3.RELEASE.jar!/org/springframework/context/ConfigurableApplicationContext.class
    jar:file:/C:/Users/Asus/.m2/repository/org/springframework/spring-context/5.3.17/spring-context-5.3.17.jar!/org/springframework/context/ConfigurableApplicationContext.class

The called method's class hierarchy was loaded from the following locations:

    org.springframework.context.ConfigurableApplicationContext: file:/E:/ProjectJava/CloudDrawing/server/lib/spring-context-5.2.3.RELEASE.jar


Action:

Correct the classpath of your application so that it contains compatible versions of the classes org.springframework.boot.SpringApplication and org.springframework.context.ConfigurableApplicationContext

20:49:20.915 [main] INFO  cn.edu.jxnu.server.ServerApplication - Starting ServerApplication using Java 1.8.0_241 on hanhan with PID 10420 (E:\ProjectJava\CloudDrawing\server\target\classes started by Asus in E:\ProjectJava\CloudDrawing\server)
20:49:20.918 [main] INFO  cn.edu.jxnu.server.ServerApplication - The following 1 profile is active: "dev"
20:49:21.907 [main] INFO  o.s.b.w.e.tomcat.TomcatWebServer - Tomcat initialized with port(s): 4000 (http)
20:49:21.913 [main] INFO  o.a.coyote.http11.Http11NioProtocol - Initializing ProtocolHandler ["http-nio-4000"]
20:49:21.913 [main] INFO  o.a.catalina.core.StandardService - Starting service [Tomcat]
20:49:21.913 [main] INFO  o.a.catalina.core.StandardEngine - Starting Servlet engine: [Apache Tomcat/9.0.60]
20:49:22.028 [main] INFO  o.a.c.c.C.[Tomcat].[localhost].[/] - Initializing Spring embedded WebApplicationContext
20:49:22.028 [main] INFO  o.s.b.w.s.c.ServletWebServerApplicationContext - Root WebApplicationContext: initialization completed in 1063 ms
20:49:22.628 [main] WARN  o.s.b.a.t.ThymeleafAutoConfiguration$DefaultTemplateResolverConfiguration - Cannot find template location: classpath:/templates/ (please add some templates or check your Thymeleaf configuration)
20:49:22.690 [main] INFO  o.a.coyote.http11.Http11NioProtocol - Starting ProtocolHandler ["http-nio-4000"]
20:49:22.702 [main] INFO  o.s.b.w.e.tomcat.TomcatWebServer - Tomcat started on port(s): 4000 (http) with context path ''
20:49:22.746 [main] INFO  cn.edu.jxnu.server.ServerApplication - Started ServerApplication in 2.253 seconds (JVM running for 3.183)
20:49:54.911 [http-nio-4000-exec-1] INFO  o.a.c.c.C.[Tomcat].[localhost].[/] - Initializing Spring DispatcherServlet 'dispatcherServlet'
20:49:54.911 [http-nio-4000-exec-1] INFO  o.s.web.servlet.DispatcherServlet - Initializing Servlet 'dispatcherServlet'
20:49:54.912 [http-nio-4000-exec-1] INFO  o.s.web.servlet.DispatcherServlet - Completed initialization in 1 ms
20:49:54.929 [http-nio-4000-exec-1] INFO  c.e.j.s.controller.UserController - =====查询所有日记信息=====
20:49:54.942 [http-nio-4000-exec-1] INFO  com.zaxxer.hikari.HikariDataSource - hanhan - Starting...
20:49:56.470 [http-nio-4000-exec-1] ERROR com.zaxxer.hikari.pool.HikariPool - hanhan - Exception during pool initialization.
java.sql.SQLSyntaxErrorException: Unknown database 'clouddrawing'
	at com.mysql.cj.jdbc.exceptions.SQLError.createSQLException(SQLError.java:120)
	at com.mysql.cj.jdbc.exceptions.SQLExceptionsMapping.translateException(SQLExceptionsMapping.java:122)
	at com.mysql.cj.jdbc.ConnectionImpl.createNewIO(ConnectionImpl.java:829)
	at com.mysql.cj.jdbc.ConnectionImpl.<init>(ConnectionImpl.java:449)
	at com.mysql.cj.jdbc.ConnectionImpl.getInstance(ConnectionImpl.java:242)
	at com.mysql.cj.jdbc.NonRegisteringDriver.connect(NonRegisteringDriver.java:198)
	at com.zaxxer.hikari.util.DriverDataSource.getConnection(DriverDataSource.java:138)
	at com.zaxxer.hikari.pool.PoolBase.newConnection(PoolBase.java:364)
	at com.zaxxer.hikari.pool.PoolBase.newPoolEntry(PoolBase.java:206)
	at com.zaxxer.hikari.pool.HikariPool.createPoolEntry(HikariPool.java:476)
	at com.zaxxer.hikari.pool.HikariPool.checkFailFast(HikariPool.java:561)
	at com.zaxxer.hikari.pool.HikariPool.<init>(HikariPool.java:115)
	at com.zaxxer.hikari.HikariDataSource.getConnection(HikariDataSource.java:112)
	at org.springframework.jdbc.datasource.DataSourceUtils.fetchConnection(DataSourceUtils.java:159)
	at org.springframework.jdbc.datasource.DataSourceUtils.doGetConnection(DataSourceUtils.java:117)
	at org.springframework.jdbc.datasource.DataSourceUtils.getConnection(DataSourceUtils.java:80)
	at org.mybatis.spring.transaction.SpringManagedTransaction.openConnection(SpringManagedTransaction.java:80)
	at org.mybatis.spring.transaction.SpringManagedTransaction.getConnection(SpringManagedTransaction.java:67)
	at org.apache.ibatis.executor.BaseExecutor.getConnection(BaseExecutor.java:336)
	at org.apache.ibatis.executor.SimpleExecutor.prepareStatement(SimpleExecutor.java:86)
	at org.apache.ibatis.executor.SimpleExecutor.doQuery(SimpleExecutor.java:62)
	at org.apache.ibatis.executor.BaseExecutor.queryFromDatabase(BaseExecutor.java:324)
	at org.apache.ibatis.executor.BaseExecutor.query(BaseExecutor.java:156)
	at org.apache.ibatis.executor.CachingExecutor.query(CachingExecutor.java:109)
	at org.apache.ibatis.executor.CachingExecutor.query(CachingExecutor.java:83)
	at org.apache.ibatis.session.defaults.DefaultSqlSession.selectList(DefaultSqlSession.java:147)
	at org.apache.ibatis.session.defaults.DefaultSqlSession.selectList(DefaultSqlSession.java:140)
	at sun.reflect.NativeMethodAccessorImpl.invoke0(Native Method)
	at sun.reflect.NativeMethodAccessorImpl.invoke(NativeMethodAccessorImpl.java:62)
	at sun.reflect.DelegatingMethodAccessorImpl.invoke(DelegatingMethodAccessorImpl.java:43)
	at java.lang.reflect.Method.invoke(Method.java:498)
	at org.mybatis.spring.SqlSessionTemplate$SqlSessionInterceptor.invoke(SqlSessionTemplate.java:426)
	at com.sun.proxy.$Proxy69.selectList(Unknown Source)
	at org.mybatis.spring.SqlSessionTemplate.selectList(SqlSessionTemplate.java:223)
	at org.apache.ibatis.binding.MapperMethod.executeForMany(MapperMethod.java:147)
	at org.apache.ibatis.binding.MapperMethod.execute(MapperMethod.java:80)
	at org.apache.ibatis.binding.MapperProxy$PlainMethodInvoker.invoke(MapperProxy.java:144)
	at org.apache.ibatis.binding.MapperProxy.invoke(MapperProxy.java:85)
	at com.sun.proxy.$Proxy76.FindAll(Unknown Source)
	at sun.reflect.NativeMethodAccessorImpl.invoke0(Native Method)
	at sun.reflect.NativeMethodAccessorImpl.invoke(NativeMethodAccessorImpl.java:62)
	at sun.reflect.DelegatingMethodAccessorImpl.invoke(DelegatingMethodAccessorImpl.java:43)
	at java.lang.reflect.Method.invoke(Method.java:498)
	at org.springframework.aop.support.AopUtils.invokeJoinpointUsingReflection(AopUtils.java:344)
	at org.springframework.aop.framework.ReflectiveMethodInvocation.invokeJoinpoint(ReflectiveMethodInvocation.java:198)
	at org.springframework.aop.framework.ReflectiveMethodInvocation.proceed(ReflectiveMethodInvocation.java:163)
	at org.springframework.dao.support.PersistenceExceptionTranslationInterceptor.invoke(PersistenceExceptionTranslationInterceptor.java:137)
	at org.springframework.aop.framework.ReflectiveMethodInvocation.proceed(ReflectiveMethodInvocation.java:186)
	at org.springframework.aop.framework.JdkDynamicAopProxy.invoke(JdkDynamicAopProxy.java:215)
	at com.sun.proxy.$Proxy77.FindAll(Unknown Source)
	at cn.edu.jxnu.server.service.impl.DiaryServiceImpl.FindAll(DiaryServiceImpl.java:33)
	at cn.edu.jxnu.server.controller.DiaryController.AllDiary(DiaryController.java:30)
	at sun.reflect.NativeMethodAccessorImpl.invoke0(Native Method)
	at sun.reflect.NativeMethodAccessorImpl.invoke(NativeMethodAccessorImpl.java:62)
	at sun.reflect.DelegatingMethodAccessorImpl.invoke(DelegatingMethodAccessorImpl.java:43)
	at java.lang.reflect.Method.invoke(Method.java:498)
	at org.springframework.web.method.support.InvocableHandlerMethod.doInvoke(InvocableHandlerMethod.java:205)
	at org.springframework.web.method.support.InvocableHandlerMethod.invokeForRequest(InvocableHandlerMethod.java:150)
	at org.springframework.web.servlet.mvc.method.annotation.ServletInvocableHandlerMethod.invokeAndHandle(ServletInvocableHandlerMethod.java:117)
	at org.springframework.web.servlet.mvc.method.annotation.RequestMappingHandlerAdapter.invokeHandlerMethod(RequestMappingHandlerAdapter.java:895)
	at org.springframework.web.servlet.mvc.method.annotation.RequestMappingHandlerAdapter.handleInternal(RequestMappingHandlerAdapter.java:808)
	at org.springframework.web.servlet.mvc.method.AbstractHandlerMethodAdapter.handle(AbstractHandlerMethodAdapter.java:87)
	at org.springframework.web.servlet.DispatcherServlet.doDispatch(DispatcherServlet.java:1067)
	at org.springframework.web.servlet.DispatcherServlet.doService(DispatcherServlet.java:963)
	at org.springframework.web.servlet.FrameworkServlet.processRequest(FrameworkServlet.java:1006)
	at org.springframework.web.servlet.FrameworkServlet.doGet(FrameworkServlet.java:898)
	at javax.servlet.http.HttpServlet.service(HttpServlet.java:655)
	at org.springframework.web.servlet.FrameworkServlet.service(FrameworkServlet.java:883)
	at javax.servlet.http.HttpServlet.service(HttpServlet.java:764)
	at org.apache.catalina.core.ApplicationFilterChain.internalDoFilter(ApplicationFilterChain.java:227)
	at org.apache.catalina.core.ApplicationFilterChain.doFilter(ApplicationFilterChain.java:162)
	at org.apache.tomcat.websocket.server.WsFilter.doFilter(WsFilter.java:53)
	at org.apache.catalina.core.ApplicationFilterChain.internalDoFilter(ApplicationFilterChain.java:189)
	at org.apache.catalina.core.ApplicationFilterChain.doFilter(ApplicationFilterChain.java:162)
	at org.springframework.web.filter.RequestContextFilter.doFilterInternal(RequestContextFilter.java:100)
	at org.springframework.web.filter.OncePerRequestFilter.doFilter(OncePerRequestFilter.java:117)
	at org.apache.catalina.core.ApplicationFilterChain.internalDoFilter(ApplicationFilterChain.java:189)
	at org.apache.catalina.core.ApplicationFilterChain.doFilter(ApplicationFilterChain.java:162)
	at org.springframework.web.filter.FormContentFilter.doFilterInternal(FormContentFilter.java:93)
	at org.springframework.web.filter.OncePerRequestFilter.doFilter(OncePerRequestFilter.java:117)
	at org.apache.catalina.core.ApplicationFilterChain.internalDoFilter(ApplicationFilterChain.java:189)
	at org.apache.catalina.core.ApplicationFilterChain.doFilter(ApplicationFilterChain.java:162)
	at org.springframework.web.filter.CharacterEncodingFilter.doFilterInternal(CharacterEncodingFilter.java:201)
	at org.springframework.web.filter.OncePerRequestFilter.doFilter(OncePerRequestFilter.java:117)
	at org.apache.catalina.core.ApplicationFilterChain.internalDoFilter(ApplicationFilterChain.java:189)
	at org.apache.catalina.core.ApplicationFilterChain.doFilter(ApplicationFilterChain.java:162)
	at org.apache.catalina.core.StandardWrapperValve.invoke(StandardWrapperValve.java:197)
	at org.apache.catalina.core.StandardContextValve.invoke(StandardContextValve.java:97)
	at org.apache.catalina.authenticator.AuthenticatorBase.invoke(AuthenticatorBase.java:541)
	at org.apache.catalina.core.StandardHostValve.invoke(StandardHostValve.java:135)
	at org.apache.catalina.valves.ErrorReportValve.invoke(ErrorReportValve.java:92)
	at org.apache.catalina.core.StandardEngineValve.invoke(StandardEngineValve.java:78)
	at org.apache.catalina.connector.CoyoteAdapter.service(CoyoteAdapter.java:360)
	at org.apache.coyote.http11.Http11Processor.service(Http11Processor.java:399)
	at org.apache.coyote.AbstractProcessorLight.process(AbstractProcessorLight.java:65)
	at org.apache.coyote.AbstractProtocol$ConnectionHandler.process(AbstractProtocol.java:889)
	at org.apache.tomcat.util.net.NioEndpoint$SocketProcessor.doRun(NioEndpoint.java:1743)
	at org.apache.tomcat.util.net.SocketProcessorBase.run(SocketProcessorBase.java:49)
	at org.apache.tomcat.util.threads.ThreadPoolExecutor.runWorker(ThreadPoolExecutor.java:1191)
	at org.apache.tomcat.util.threads.ThreadPoolExecutor$Worker.run(ThreadPoolExecutor.java:659)
	at org.apache.tomcat.util.threads.TaskThread$WrappingRunnable.run(TaskThread.java:61)
	at java.lang.Thread.run(Thread.java:748)
20:49:56.478 [http-nio-4000-exec-1] ERROR o.a.c.c.C.[.[.[.[dispatcherServlet] - Servlet.service() for servlet [dispatcherServlet] in context with path [] threw exception [Request processing failed; nested exception is org.mybatis.spring.MyBatisSystemException: nested exception is org.apache.ibatis.exceptions.PersistenceException:
### Error querying database.  Cause: org.springframework.jdbc.CannotGetJdbcConnectionException: Failed to obtain JDBC Connection; nested exception is java.sql.SQLSyntaxErrorException: Unknown database 'clouddrawing'
### The error may exist in cn/edu/jxnu/server/dao/DiaryMapper.java (best guess)
### The error may involve cn.edu.jxnu.server.dao.DiaryMapper.FindAll
### The error occurred while executing a query
### Cause: org.springframework.jdbc.CannotGetJdbcConnectionException: Failed to obtain JDBC Connection; nested exception is java.sql.SQLSyntaxErrorException: Unknown database 'clouddrawing'] with root cause
java.sql.SQLSyntaxErrorException: Unknown database 'clouddrawing'
	at com.mysql.cj.jdbc.exceptions.SQLError.createSQLException(SQLError.java:120)
	at com.mysql.cj.jdbc.exceptions.SQLExceptionsMapping.translateException(SQLExceptionsMapping.java:122)
	at com.mysql.cj.jdbc.ConnectionImpl.createNewIO(ConnectionImpl.java:829)
	at com.mysql.cj.jdbc.ConnectionImpl.<init>(ConnectionImpl.java:449)
	at com.mysql.cj.jdbc.ConnectionImpl.getInstance(ConnectionImpl.java:242)
	at com.mysql.cj.jdbc.NonRegisteringDriver.connect(NonRegisteringDriver.java:198)
	at com.zaxxer.hikari.util.DriverDataSource.getConnection(DriverDataSource.java:138)
	at com.zaxxer.hikari.pool.PoolBase.newConnection(PoolBase.java:364)
	at com.zaxxer.hikari.pool.PoolBase.newPoolEntry(PoolBase.java:206)
	at com.zaxxer.hikari.pool.HikariPool.createPoolEntry(HikariPool.java:476)
	at com.zaxxer.hikari.pool.HikariPool.checkFailFast(HikariPool.java:561)
	at com.zaxxer.hikari.pool.HikariPool.<init>(HikariPool.java:115)
	at com.zaxxer.hikari.HikariDataSource.getConnection(HikariDataSource.java:112)
	at org.springframework.jdbc.datasource.DataSourceUtils.fetchConnection(DataSourceUtils.java:159)
	at org.springframework.jdbc.datasource.DataSourceUtils.doGetConnection(DataSourceUtils.java:117)
	at org.springframework.jdbc.datasource.DataSourceUtils.getConnection(DataSourceUtils.java:80)
	at org.mybatis.spring.transaction.SpringManagedTransaction.openConnection(SpringManagedTransaction.java:80)
	at org.mybatis.spring.transaction.SpringManagedTransaction.getConnection(SpringManagedTransaction.java:67)
	at org.apache.ibatis.executor.BaseExecutor.getConnection(BaseExecutor.java:336)
	at org.apache.ibatis.executor.SimpleExecutor.prepareStatement(SimpleExecutor.java:86)
	at org.apache.ibatis.executor.SimpleExecutor.doQuery(SimpleExecutor.java:62)
	at org.apache.ibatis.executor.BaseExecutor.queryFromDatabase(BaseExecutor.java:324)
	at org.apache.ibatis.executor.BaseExecutor.query(BaseExecutor.java:156)
	at org.apache.ibatis.executor.CachingExecutor.query(CachingExecutor.java:109)
	at org.apache.ibatis.executor.CachingExecutor.query(CachingExecutor.java:83)
	at org.apache.ibatis.session.defaults.DefaultSqlSession.selectList(DefaultSqlSession.java:147)
	at org.apache.ibatis.session.defaults.DefaultSqlSession.selectList(DefaultSqlSession.java:140)
	at sun.reflect.NativeMethodAccessorImpl.invoke0(Native Method)
	at sun.reflect.NativeMethodAccessorImpl.invoke(NativeMethodAccessorImpl.java:62)
	at sun.reflect.DelegatingMethodAccessorImpl.invoke(DelegatingMethodAccessorImpl.java:43)
	at java.lang.reflect.Method.invoke(Method.java:498)
	at org.mybatis.spring.SqlSessionTemplate$SqlSessionInterceptor.invoke(SqlSessionTemplate.java:426)
	at com.sun.proxy.$Proxy69.selectList(Unknown Source)
	at org.mybatis.spring.SqlSessionTemplate.selectList(SqlSessionTemplate.java:223)
	at org.apache.ibatis.binding.MapperMethod.executeForMany(MapperMethod.java:147)
	at org.apache.ibatis.binding.MapperMethod.execute(MapperMethod.java:80)
	at org.apache.ibatis.binding.MapperProxy$PlainMethodInvoker.invoke(MapperProxy.java:144)
	at org.apache.ibatis.binding.MapperProxy.invoke(MapperProxy.java:85)
	at com.sun.proxy.$Proxy76.FindAll(Unknown Source)
	at sun.reflect.NativeMethodAccessorImpl.invoke0(Native Method)
	at sun.reflect.NativeMethodAccessorImpl.invoke(NativeMethodAccessorImpl.java:62)
	at sun.reflect.DelegatingMethodAccessorImpl.invoke(DelegatingMethodAccessorImpl.java:43)
	at java.lang.reflect.Method.invoke(Method.java:498)
	at org.springframework.aop.support.AopUtils.invokeJoinpointUsingReflection(AopUtils.java:344)
	at org.springframework.aop.framework.ReflectiveMethodInvocation.invokeJoinpoint(ReflectiveMethodInvocation.java:198)
	at org.springframework.aop.framework.ReflectiveMethodInvocation.proceed(ReflectiveMethodInvocation.java:163)
	at org.springframework.dao.support.PersistenceExceptionTranslationInterceptor.invoke(PersistenceExceptionTranslationInterceptor.java:137)
	at org.springframework.aop.framework.ReflectiveMethodInvocation.proceed(ReflectiveMethodInvocation.java:186)
	at org.springframework.aop.framework.JdkDynamicAopProxy.invoke(JdkDynamicAopProxy.java:215)
	at com.sun.proxy.$Proxy77.FindAll(Unknown Source)
	at cn.edu.jxnu.server.service.impl.DiaryServiceImpl.FindAll(DiaryServiceImpl.java:33)
	at cn.edu.jxnu.server.controller.DiaryController.AllDiary(DiaryController.java:30)
	at sun.reflect.NativeMethodAccessorImpl.invoke0(Native Method)
	at sun.reflect.NativeMethodAccessorImpl.invoke(NativeMethodAccessorImpl.java:62)
	at sun.reflect.DelegatingMethodAccessorImpl.invoke(DelegatingMethodAccessorImpl.java:43)
	at java.lang.reflect.Method.invoke(Method.java:498)
	at org.springframework.web.method.support.InvocableHandlerMethod.doInvoke(InvocableHandlerMethod.java:205)
	at org.springframework.web.method.support.InvocableHandlerMethod.invokeForRequest(InvocableHandlerMethod.java:150)
	at org.springframework.web.servlet.mvc.method.annotation.ServletInvocableHandlerMethod.invokeAndHandle(ServletInvocableHandlerMethod.java:117)
	at org.springframework.web.servlet.mvc.method.annotation.RequestMappingHandlerAdapter.invokeHandlerMethod(RequestMappingHandlerAdapter.java:895)
	at org.springframework.web.servlet.mvc.method.annotation.RequestMappingHandlerAdapter.handleInternal(RequestMappingHandlerAdapter.java:808)
	at org.springframework.web.servlet.mvc.method.AbstractHandlerMethodAdapter.handle(AbstractHandlerMethodAdapter.java:87)
	at org.springframework.web.servlet.DispatcherServlet.doDispatch(DispatcherServlet.java:1067)
	at org.springframework.web.servlet.DispatcherServlet.doService(DispatcherServlet.java:963)
	at org.springframework.web.servlet.FrameworkServlet.processRequest(FrameworkServlet.java:1006)
	at org.springframework.web.servlet.FrameworkServlet.doGet(FrameworkServlet.java:898)
	at javax.servlet.http.HttpServlet.service(HttpServlet.java:655)
	at org.springframework.web.servlet.FrameworkServlet.service(FrameworkServlet.java:883)
	at javax.servlet.http.HttpServlet.service(HttpServlet.java:764)
	at org.apache.catalina.core.ApplicationFilterChain.internalDoFilter(ApplicationFilterChain.java:227)
	at org.apache.catalina.core.ApplicationFilterChain.doFilter(ApplicationFilterChain.java:162)
	at org.apache.tomcat.websocket.server.WsFilter.doFilter(WsFilter.java:53)
	at org.apache.catalina.core.ApplicationFilterChain.internalDoFilter(ApplicationFilterChain.java:189)
	at org.apache.catalina.core.ApplicationFilterChain.doFilter(ApplicationFilterChain.java:162)
	at org.springframework.web.filter.RequestContextFilter.doFilterInternal(RequestContextFilter.java:100)
	at org.springframework.web.filter.OncePerRequestFilter.doFilter(OncePerRequestFilter.java:117)
	at org.apache.catalina.core.ApplicationFilterChain.internalDoFilter(ApplicationFilterChain.java:189)
	at org.apache.catalina.core.ApplicationFilterChain.doFilter(ApplicationFilterChain.java:162)
	at org.springframework.web.filter.FormContentFilter.doFilterInternal(FormContentFilter.java:93)
	at org.springframework.web.filter.OncePerRequestFilter.doFilter(OncePerRequestFilter.java:117)
	at org.apache.catalina.core.ApplicationFilterChain.internalDoFilter(ApplicationFilterChain.java:189)
	at org.apache.catalina.core.ApplicationFilterChain.doFilter(ApplicationFilterChain.java:162)
	at org.springframework.web.filter.CharacterEncodingFilter.doFilterInternal(CharacterEncodingFilter.java:201)
	at org.springframework.web.filter.OncePerRequestFilter.doFilter(OncePerRequestFilter.java:117)
	at org.apache.catalina.core.ApplicationFilterChain.internalDoFilter(ApplicationFilterChain.java:189)
	at org.apache.catalina.core.ApplicationFilterChain.doFilter(ApplicationFilterChain.java:162)
	at org.apache.catalina.core.StandardWrapperValve.invoke(StandardWrapperValve.java:197)
	at org.apache.catalina.core.StandardContextValve.invoke(StandardContextValve.java:97)
	at org.apache.catalina.authenticator.AuthenticatorBase.invoke(AuthenticatorBase.java:541)
	at org.apache.catalina.core.StandardHostValve.invoke(StandardHostValve.java:135)
	at org.apache.catalina.valves.ErrorReportValve.invoke(ErrorReportValve.java:92)
	at org.apache.catalina.core.StandardEngineValve.invoke(StandardEngineValve.java:78)
	at org.apache.catalina.connector.CoyoteAdapter.service(CoyoteAdapter.java:360)
	at org.apache.coyote.http11.Http11Processor.service(Http11Processor.java:399)
	at org.apache.coyote.AbstractProcessorLight.process(AbstractProcessorLight.java:65)
	at org.apache.coyote.AbstractProtocol$ConnectionHandler.process(AbstractProtocol.java:889)
	at org.apache.tomcat.util.net.NioEndpoint$SocketProcessor.doRun(NioEndpoint.java:1743)
	at org.apache.tomcat.util.net.SocketProcessorBase.run(SocketProcessorBase.java:49)
	at org.apache.tomcat.util.threads.ThreadPoolExecutor.runWorker(ThreadPoolExecutor.java:1191)
	at org.apache.tomcat.util.threads.ThreadPoolExecutor$Worker.run(ThreadPoolExecutor.java:659)
	at org.apache.tomcat.util.threads.TaskThread$WrappingRunnable.run(TaskThread.java:61)
	at java.lang.Thread.run(Thread.java:748)
20:52:45.237 [http-nio-4000-exec-2] INFO  c.e.j.s.controller.UserController - =====查询所有日记信息=====
20:52:45.237 [http-nio-4000-exec-2] INFO  com.zaxxer.hikari.HikariDataSource - hanhan - Starting...
20:52:45.267 [http-nio-4000-exec-2] INFO  com.zaxxer.hikari.HikariDataSource - hanhan - Start completed.
20:58:25.664 [http-nio-4000-exec-7] INFO  c.e.j.s.controller.UserController - =====查询所有日记信息=====
20:58:44.847 [http-nio-4000-exec-8] INFO  c.e.j.s.controller.UserController - =====查询所有日记信息=====
21:00:06.297 [http-nio-4000-exec-10] INFO  c.e.j.s.controller.UserController - =====查询所有日记信息=====
21:00:10.310 [http-nio-4000-exec-1] INFO  c.e.j.s.controller.UserController - =====查询所有日记信息=====
21:04:33.255 [http-nio-4000-exec-6] INFO  c.e.j.s.controller.UserController - =====查询所有日记信息=====
