01:02:40.458 [http-nio-4000-exec-10] INFO  c.e.j.s.controller.UserController - =====查询第0页的日记信息=====
01:02:40.458 [http-nio-4000-exec-8] INFO  c.e.j.s.controller.UserController - =====查询2用户是否有新通知=====
01:03:18.111 [http-nio-4000-exec-1] INFO  c.e.j.s.controller.UserController - =====查询2用户是否有新通知=====
01:03:18.122 [http-nio-4000-exec-2] INFO  c.e.j.s.controller.UserController - =====查询第0页的日记信息=====
01:09:05.695 [http-nio-4000-exec-4] INFO  c.e.j.s.controller.UserController - =====查询2用户是否有新通知=====
01:09:05.698 [http-nio-4000-exec-3] INFO  c.e.j.s.controller.UserController - =====查询第0页的日记信息=====
01:10:56.366 [http-nio-4000-exec-5] INFO  c.e.j.s.controller.UserController - =====查询2用户是否有新通知=====
01:10:56.374 [http-nio-4000-exec-6] INFO  c.e.j.s.controller.UserController - =====查询第0页的日记信息=====
01:11:52.830 [http-nio-4000-exec-7] INFO  c.e.j.s.controller.UserController - =====查询2用户是否有新通知=====
01:11:54.389 [http-nio-4000-exec-9] INFO  c.e.j.s.controller.UserController - =====查询2用户是否有新通知=====
01:11:56.780 [http-nio-4000-exec-8] INFO  c.e.j.s.controller.UserController - =====查询第0页的日记信息=====
01:40:59.266 [http-nio-4000-exec-1] INFO  c.e.j.s.controller.UserController - =====查询2用户是否有新通知=====
01:41:01.791 [http-nio-4000-exec-2] INFO  c.e.j.s.controller.UserController - =====查询2用户是否有新通知=====
01:41:02.718 [http-nio-4000-exec-4] INFO  c.e.j.s.controller.UserController - =====查询2用户是否有新通知=====
01:41:02.722 [http-nio-4000-exec-3] INFO  c.e.j.s.controller.UserController - =====查询第0页的日记信息=====
01:41:29.519 [http-nio-4000-exec-5] INFO  c.e.j.s.controller.UserController - =====查询2用户是否有新通知=====
01:41:29.527 [http-nio-4000-exec-6] INFO  c.e.j.s.controller.UserController - =====查询第0页的日记信息=====
01:42:17.273 [http-nio-4000-exec-7] INFO  c.e.j.s.controller.UserController - =====查询2用户是否有新通知=====
01:42:17.288 [http-nio-4000-exec-9] INFO  c.e.j.s.controller.UserController - =====查询第0页的日记信息=====
01:42:18.353 [http-nio-4000-exec-8] INFO  c.e.j.s.controller.UserController - =====查询2用户是否有新通知=====
01:42:18.362 [http-nio-4000-exec-10] INFO  c.e.j.s.controller.UserController - =====查询第0页的日记信息=====
01:42:51.119 [http-nio-4000-exec-1] INFO  c.e.j.s.controller.UserController - =====查询2用户是否有新通知=====
01:43:01.327 [http-nio-4000-exec-2] INFO  c.e.j.s.controller.UserController - =====查询2用户是否有新通知=====
01:43:01.338 [http-nio-4000-exec-4] INFO  c.e.j.s.controller.UserController - =====查询第0页的日记信息=====
01:43:02.714 [http-nio-4000-exec-3] INFO  c.e.j.s.controller.UserController - =====查询2用户是否有新通知=====
01:54:20.886 [main] INFO  cn.edu.jxnu.server.ServerApplication - Starting ServerApplication using Java 1.8.0_241 on hanhan with PID 10144 (E:\ProjectJava\CloudDrawing\server\target\classes started by Asus in E:\ProjectJava\CloudDrawing\server)
01:54:20.890 [main] INFO  cn.edu.jxnu.server.ServerApplication - The following 1 profile is active: "dev"
01:54:22.232 [main] INFO  o.s.b.w.e.tomcat.TomcatWebServer - Tomcat initialized with port(s): 4000 (http)
01:54:22.239 [main] INFO  o.a.coyote.http11.Http11NioProtocol - Initializing ProtocolHandler ["http-nio-4000"]
01:54:22.240 [main] INFO  o.a.catalina.core.StandardService - Starting service [Tomcat]
01:54:22.240 [main] INFO  o.a.catalina.core.StandardEngine - Starting Servlet engine: [Apache Tomcat/9.0.60]
01:54:22.418 [main] INFO  o.a.c.c.C.[Tomcat].[localhost].[/] - Initializing Spring embedded WebApplicationContext
01:54:22.418 [main] INFO  o.s.b.w.s.c.ServletWebServerApplicationContext - Root WebApplicationContext: initialization completed in 1475 ms
01:54:23.086 [main] WARN  o.s.b.a.t.ThymeleafAutoConfiguration$DefaultTemplateResolverConfiguration - Cannot find template location: classpath:/templates/ (please add some templates or check your Thymeleaf configuration)
01:54:23.165 [main] INFO  o.a.coyote.http11.Http11NioProtocol - Starting ProtocolHandler ["http-nio-4000"]
01:54:23.180 [main] INFO  o.s.b.w.e.tomcat.TomcatWebServer - Tomcat started on port(s): 4000 (http) with context path ''
01:54:23.401 [main] INFO  cn.edu.jxnu.server.ServerApplication - Started ServerApplication in 3.053 seconds (JVM running for 4.378)
01:54:35.113 [http-nio-4000-exec-1] INFO  o.a.c.c.C.[Tomcat].[localhost].[/] - Initializing Spring DispatcherServlet 'dispatcherServlet'
01:54:35.114 [http-nio-4000-exec-1] INFO  o.s.web.servlet.DispatcherServlet - Initializing Servlet 'dispatcherServlet'
01:54:35.115 [http-nio-4000-exec-1] INFO  o.s.web.servlet.DispatcherServlet - Completed initialization in 1 ms
01:54:35.144 [http-nio-4000-exec-1] INFO  c.e.j.s.controller.UserController - =====查询2用户是否有新通知=====
01:54:35.158 [http-nio-4000-exec-1] INFO  com.zaxxer.hikari.HikariDataSource - hanhan - Starting...
01:54:36.280 [http-nio-4000-exec-1] INFO  com.zaxxer.hikari.HikariDataSource - hanhan - Start completed.
01:54:38.079 [http-nio-4000-exec-2] INFO  c.e.j.s.controller.UserController - =====查询2用户是否有新通知=====
01:54:38.093 [http-nio-4000-exec-3] INFO  c.e.j.s.controller.UserController - =====查询第0页的日记信息=====
01:54:43.137 [http-nio-4000-exec-4] INFO  c.e.j.s.controller.UserController - =====查询2用户的通知信息=====
12:06:46.012 [main] INFO  cn.edu.jxnu.server.ServerApplication - Starting ServerApplication using Java 1.8.0_241 on hanhan with PID 12360 (E:\ProjectJava\CloudDrawing\server\target\classes started by Asus in E:\ProjectJava\CloudDrawing\server)
12:06:46.014 [main] INFO  cn.edu.jxnu.server.ServerApplication - The following 1 profile is active: "dev"
12:06:47.034 [main] INFO  o.s.b.w.e.tomcat.TomcatWebServer - Tomcat initialized with port(s): 4000 (http)
12:06:47.041 [main] INFO  o.a.coyote.http11.Http11NioProtocol - Initializing ProtocolHandler ["http-nio-4000"]
12:06:47.042 [main] INFO  o.a.catalina.core.StandardService - Starting service [Tomcat]
12:06:47.042 [main] INFO  o.a.catalina.core.StandardEngine - Starting Servlet engine: [Apache Tomcat/9.0.60]
12:06:47.178 [main] INFO  o.a.c.c.C.[Tomcat].[localhost].[/] - Initializing Spring embedded WebApplicationContext
12:06:47.178 [main] INFO  o.s.b.w.s.c.ServletWebServerApplicationContext - Root WebApplicationContext: initialization completed in 1133 ms
12:06:47.778 [main] WARN  o.s.b.a.t.ThymeleafAutoConfiguration$DefaultTemplateResolverConfiguration - Cannot find template location: classpath:/templates/ (please add some templates or check your Thymeleaf configuration)
12:06:47.837 [main] INFO  o.a.coyote.http11.Http11NioProtocol - Starting ProtocolHandler ["http-nio-4000"]
12:06:47.850 [main] INFO  o.s.b.w.e.tomcat.TomcatWebServer - Tomcat started on port(s): 4000 (http) with context path ''
12:06:48.000 [main] INFO  cn.edu.jxnu.server.ServerApplication - Started ServerApplication in 2.399 seconds (JVM running for 3.407)
12:07:23.431 [http-nio-4000-exec-1] INFO  o.a.c.c.C.[Tomcat].[localhost].[/] - Initializing Spring DispatcherServlet 'dispatcherServlet'
12:07:23.431 [http-nio-4000-exec-1] INFO  o.s.web.servlet.DispatcherServlet - Initializing Servlet 'dispatcherServlet'
12:07:23.432 [http-nio-4000-exec-1] INFO  o.s.web.servlet.DispatcherServlet - Completed initialization in 1 ms
12:07:23.466 [http-nio-4000-exec-1] INFO  c.e.j.s.controller.UserController - =====查询2用户是否有新通知=====
12:07:23.480 [http-nio-4000-exec-1] INFO  com.zaxxer.hikari.HikariDataSource - hanhan - Starting...
12:07:24.052 [http-nio-4000-exec-1] INFO  com.zaxxer.hikari.HikariDataSource - hanhan - Start completed.
12:07:51.333 [http-nio-4000-exec-2] INFO  c.e.j.s.controller.UserController - =====查询2用户是否有新通知=====
12:27:34.519 [http-nio-4000-exec-5] INFO  c.e.j.s.controller.UserController - =====查询第0页的日记信息=====
12:27:45.591 [http-nio-4000-exec-10] INFO  c.e.j.s.controller.UserController - =====查询2用户是否有新通知=====
12:29:32.844 [http-nio-4000-exec-6] INFO  c.e.j.s.controller.UserController - =====查询2用户是否有新通知=====
12:29:49.714 [http-nio-4000-exec-7] INFO  c.e.j.s.controller.UserController - =====查询2用户是否有新通知=====
12:29:54.521 [http-nio-4000-exec-8] INFO  c.e.j.s.controller.UserController - =====查询2用户是否有新通知=====
12:30:07.974 [http-nio-4000-exec-9] INFO  c.e.j.s.controller.UserController - =====查询2用户是否有新通知=====
12:31:24.876 [http-nio-4000-exec-3] INFO  c.e.j.s.controller.UserController - =====查询2用户的通知信息=====
17:03:14.004 [http-nio-4000-exec-1] INFO  c.e.j.s.controller.UserController - =====查询2用户是否有新通知=====
17:03:18.026 [http-nio-4000-exec-2] INFO  c.e.j.s.controller.UserController - =====查询2用户的通知信息=====
17:21:35.796 [http-nio-4000-exec-5] INFO  c.e.j.s.controller.UserController - =====查询2用户是否有新通知=====
17:22:18.806 [http-nio-4000-exec-4] INFO  c.e.j.s.controller.UserController - =====查询2用户是否有新通知=====
17:22:41.737 [http-nio-4000-exec-10] INFO  c.e.j.s.controller.UserController - =====查询2用户是否有新通知=====
17:24:29.658 [http-nio-4000-exec-6] INFO  c.e.j.s.controller.UserController - =====查询2用户是否有新通知=====
17:24:32.882 [http-nio-4000-exec-7] INFO  c.e.j.s.controller.UserController - =====查询2用户是否有新通知=====
17:25:12.380 [http-nio-4000-exec-8] INFO  c.e.j.s.controller.UserController - =====查询2用户是否有新通知=====
17:25:15.531 [http-nio-4000-exec-9] INFO  c.e.j.s.controller.UserController - =====查询2用户是否有新通知=====
17:26:46.772 [http-nio-4000-exec-3] INFO  c.e.j.s.controller.UserController - =====查询2用户是否有新通知=====
17:47:59.165 [http-nio-4000-exec-1] INFO  c.e.j.s.controller.UserController - =====查询2用户是否有新通知=====
17:49:48.786 [http-nio-4000-exec-2] INFO  c.e.j.s.controller.UserController - =====查询2用户是否有新通知=====
17:49:53.216 [http-nio-4000-exec-5] INFO  c.e.j.s.controller.UserController - =====查询2用户是否有新通知=====
17:49:53.227 [http-nio-4000-exec-4] INFO  c.e.j.s.controller.UserController - =====查询第0页的日记信息=====
17:50:04.932 [http-nio-4000-exec-10] INFO  c.e.j.s.controller.UserController - =====查询2用户是否有新通知=====
17:52:32.745 [http-nio-4000-exec-6] INFO  c.e.j.s.controller.UserController - =====查询2用户是否有新通知=====
18:01:09.906 [http-nio-4000-exec-7] INFO  c.e.j.s.controller.UserController - =====查询2用户是否有新通知=====
18:01:24.070 [http-nio-4000-exec-8] INFO  c.e.j.s.controller.UserController - =====查询2用户是否有新通知=====
18:01:46.588 [http-nio-4000-exec-9] INFO  c.e.j.s.controller.UserController - =====查询2用户是否有新通知=====
18:39:56.697 [http-nio-4000-exec-3] INFO  c.e.j.s.controller.UserController - =====查询2用户是否有新通知=====
18:48:39.260 [http-nio-4000-exec-1] INFO  c.e.j.s.controller.UserController - =====查询2用户是否有新通知=====
18:48:49.056 [http-nio-4000-exec-2] INFO  c.e.j.s.controller.UserController - =====查询2用户是否有新通知=====
18:49:17.216 [http-nio-4000-exec-5] INFO  c.e.j.s.controller.UserController - =====查询2用户是否有新通知=====
19:00:39.511 [http-nio-4000-exec-4] INFO  c.e.j.s.controller.UserController - =====查询2用户是否有新通知=====
19:07:42.949 [http-nio-4000-exec-10] INFO  c.e.j.s.controller.UserController - =====查询2用户是否有新通知=====
19:08:01.409 [http-nio-4000-exec-6] INFO  c.e.j.s.controller.UserController - =====查询2用户是否有新通知=====
19:10:10.382 [http-nio-4000-exec-7] INFO  c.e.j.s.controller.UserController - =====查询2用户是否有新通知=====
19:10:51.313 [http-nio-4000-exec-8] INFO  c.e.j.s.controller.UserController - =====查询2用户是否有新通知=====
19:12:21.176 [http-nio-4000-exec-9] INFO  c.e.j.s.controller.UserController - =====查询2用户是否有新通知=====
19:12:31.377 [http-nio-4000-exec-3] INFO  c.e.j.s.controller.UserController - =====查询2用户是否有新通知=====
19:13:19.787 [http-nio-4000-exec-1] INFO  c.e.j.s.controller.UserController - =====查询2用户是否有新通知=====
19:13:27.807 [http-nio-4000-exec-2] INFO  c.e.j.s.controller.UserController - =====查询2用户是否有新通知=====
19:14:51.892 [http-nio-4000-exec-5] INFO  c.e.j.s.controller.UserController - =====查询2用户是否有新通知=====
19:15:25.387 [http-nio-4000-exec-4] INFO  c.e.j.s.controller.UserController - =====查询2用户是否有新通知=====
19:15:53.732 [http-nio-4000-exec-10] INFO  c.e.j.s.controller.UserController - =====查询2用户是否有新通知=====
20:27:55.406 [http-nio-4000-exec-6] INFO  c.e.j.s.controller.UserController - =====查询2用户是否有新通知=====
20:30:10.994 [http-nio-4000-exec-7] INFO  c.e.j.s.controller.UserController - =====查询2用户是否有新通知=====
20:35:30.577 [http-nio-4000-exec-8] INFO  c.e.j.s.controller.UserController - =====查询2用户是否有新通知=====
20:35:48.521 [http-nio-4000-exec-9] INFO  c.e.j.s.controller.UserController - =====查询2用户是否有新通知=====
20:35:54.178 [http-nio-4000-exec-3] INFO  c.e.j.s.controller.UserController - =====查询2用户是否有新通知=====
20:36:26.397 [http-nio-4000-exec-1] INFO  c.e.j.s.controller.UserController - =====查询2用户是否有新通知=====
20:43:13.786 [http-nio-4000-exec-2] INFO  c.e.j.s.controller.UserController - =====查询2用户是否有新通知=====
20:50:07.716 [http-nio-4000-exec-5] INFO  c.e.j.s.controller.UserController - =====查询2用户是否有新通知=====
20:59:15.987 [http-nio-4000-exec-4] INFO  c.e.j.s.controller.UserController - =====查询2用户是否有新通知=====
21:00:45.386 [http-nio-4000-exec-10] INFO  c.e.j.s.controller.UserController - =====查询2用户是否有新通知=====
21:01:02.514 [http-nio-4000-exec-6] INFO  c.e.j.s.controller.UserController - =====查询2用户是否有新通知=====
21:02:23.833 [http-nio-4000-exec-7] INFO  c.e.j.s.controller.UserController - =====查询2用户是否有新通知=====
21:03:05.932 [http-nio-4000-exec-8] INFO  c.e.j.s.controller.UserController - =====查询2用户是否有新通知=====
21:05:17.100 [http-nio-4000-exec-9] INFO  c.e.j.s.controller.UserController - =====查询2用户是否有新通知=====
21:05:24.839 [http-nio-4000-exec-3] INFO  c.e.j.s.controller.UserController - =====查询2用户是否有新通知=====
21:05:28.521 [http-nio-4000-exec-1] INFO  c.e.j.s.controller.UserController - =====查询2用户是否有新通知=====
21:05:59.576 [http-nio-4000-exec-2] INFO  c.e.j.s.controller.UserController - =====查询2用户是否有新通知=====
21:09:44.894 [http-nio-4000-exec-5] INFO  c.e.j.s.controller.UserController - =====查询2用户是否有新通知=====
21:10:26.222 [http-nio-4000-exec-4] INFO  c.e.j.s.controller.UserController - =====查询2用户是否有新通知=====
21:11:05.864 [http-nio-4000-exec-10] INFO  c.e.j.s.controller.UserController - =====查询2用户是否有新通知=====
21:11:29.467 [http-nio-4000-exec-6] INFO  c.e.j.s.controller.UserController - =====查询2用户是否有新通知=====
21:12:11.288 [http-nio-4000-exec-7] INFO  c.e.j.s.controller.UserController - =====查询2用户是否有新通知=====
21:12:54.255 [http-nio-4000-exec-8] INFO  c.e.j.s.controller.UserController - =====查询2用户是否有新通知=====
21:12:57.074 [http-nio-4000-exec-9] INFO  c.e.j.s.controller.UserController - =====查询2用户是否有新通知=====
21:13:45.680 [http-nio-4000-exec-3] INFO  c.e.j.s.controller.UserController - =====查询2用户是否有新通知=====
21:14:28.996 [http-nio-4000-exec-1] INFO  c.e.j.s.controller.UserController - =====查询2用户是否有新通知=====
21:15:44.599 [http-nio-4000-exec-2] INFO  c.e.j.s.controller.UserController - =====查询2用户是否有新通知=====
21:15:48.016 [http-nio-4000-exec-5] INFO  c.e.j.s.controller.UserController - =====查询2用户是否有新通知=====
21:16:19.724 [http-nio-4000-exec-4] INFO  c.e.j.s.controller.UserController - =====查询2用户是否有新通知=====
21:18:13.660 [http-nio-4000-exec-10] INFO  c.e.j.s.controller.UserController - =====查询2用户是否有新通知=====
21:18:51.448 [http-nio-4000-exec-6] INFO  c.e.j.s.controller.UserController - =====查询2用户是否有新通知=====
21:18:55.190 [http-nio-4000-exec-7] INFO  c.e.j.s.controller.UserController - =====查询2用户是否有新通知=====
21:20:51.145 [http-nio-4000-exec-8] INFO  c.e.j.s.controller.UserController - =====查询2用户是否有新通知=====
21:21:44.901 [http-nio-4000-exec-9] INFO  c.e.j.s.controller.UserController - =====查询2用户是否有新通知=====
21:21:57.406 [http-nio-4000-exec-3] INFO  c.e.j.s.controller.UserController - =====查询2用户是否有新通知=====
21:22:21.674 [http-nio-4000-exec-1] INFO  c.e.j.s.controller.UserController - =====查询2用户是否有新通知=====
21:22:33.140 [http-nio-4000-exec-2] INFO  c.e.j.s.controller.UserController - =====查询2用户是否有新通知=====
21:23:53.102 [http-nio-4000-exec-5] INFO  c.e.j.s.controller.UserController - =====查询2用户是否有新通知=====
21:23:56.488 [http-nio-4000-exec-4] INFO  c.e.j.s.controller.UserController - =====查询2用户是否有新通知=====
21:24:32.201 [http-nio-4000-exec-10] INFO  c.e.j.s.controller.UserController - =====查询2用户是否有新通知=====
21:26:27.461 [http-nio-4000-exec-6] INFO  c.e.j.s.controller.UserController - =====查询2用户是否有新通知=====
21:26:51.403 [http-nio-4000-exec-7] INFO  c.e.j.s.controller.UserController - =====查询2用户是否有新通知=====
21:27:13.035 [http-nio-4000-exec-8] INFO  c.e.j.s.controller.UserController - =====查询2用户是否有新通知=====
21:28:59.106 [http-nio-4000-exec-9] INFO  c.e.j.s.controller.UserController - =====查询2用户是否有新通知=====
21:29:09.129 [http-nio-4000-exec-3] INFO  c.e.j.s.controller.UserController - =====查询2用户是否有新通知=====
21:29:45.012 [http-nio-4000-exec-1] INFO  c.e.j.s.controller.UserController - =====查询2用户是否有新通知=====
21:31:01.609 [http-nio-4000-exec-2] INFO  c.e.j.s.controller.UserController - =====查询2用户是否有新通知=====
21:31:04.797 [http-nio-4000-exec-5] INFO  c.e.j.s.controller.UserController - =====查询2用户是否有新通知=====
21:32:13.502 [http-nio-4000-exec-4] INFO  c.e.j.s.controller.UserController - =====查询2用户是否有新通知=====
21:32:55.921 [http-nio-4000-exec-10] INFO  c.e.j.s.controller.UserController - =====查询2用户是否有新通知=====
21:33:02.976 [http-nio-4000-exec-6] INFO  c.e.j.s.controller.UserController - =====查询2用户是否有新通知=====
21:33:50.909 [http-nio-4000-exec-7] INFO  c.e.j.s.controller.UserController - =====查询2用户是否有新通知=====
21:34:12.863 [http-nio-4000-exec-8] INFO  c.e.j.s.controller.UserController - =====查询2用户是否有新通知=====
21:34:38.287 [http-nio-4000-exec-9] INFO  c.e.j.s.controller.UserController - =====查询2用户是否有新通知=====
21:36:39.915 [http-nio-4000-exec-3] INFO  c.e.j.s.controller.UserController - =====查询2用户是否有新通知=====
21:39:43.424 [http-nio-4000-exec-1] INFO  c.e.j.s.controller.UserController - =====查询2用户是否有新通知=====
21:39:43.435 [http-nio-4000-exec-2] INFO  c.e.j.s.controller.UserController - =====查询第0页的日记信息=====
21:39:44.975 [http-nio-4000-exec-5] INFO  c.e.j.s.controller.UserController - =====查询2用户是否有新通知=====
21:39:44.988 [http-nio-4000-exec-4] INFO  c.e.j.s.controller.UserController - =====查询用户1的信息=====
21:39:44.990 [http-nio-4000-exec-7] INFO  c.e.j.s.controller.UserController - =====查询用户1的粉丝数量=====
21:39:44.990 [http-nio-4000-exec-10] INFO  c.e.j.s.controller.UserController - =====查询第0页的日记信息=====
21:39:45.298 [http-nio-4000-exec-9] INFO  c.e.j.s.controller.UserController - =====查询用户1的相册图片=====
21:39:47.907 [http-nio-4000-exec-3] INFO  c.e.j.s.controller.UserController - =====查询2用户是否有新通知=====
21:39:47.912 [http-nio-4000-exec-1] INFO  c.e.j.s.controller.UserController - =====查询用户2的粉丝列表=====
21:39:53.559 [http-nio-4000-exec-2] INFO  c.e.j.s.controller.UserController - =====查询2用户是否有新通知=====
21:39:53.566 [http-nio-4000-exec-4] INFO  c.e.j.s.controller.UserController - =====查询用户2的粉丝数量=====
21:39:53.800 [http-nio-4000-exec-10] INFO  c.e.j.s.controller.UserController - =====查询用户2的相册图片=====
21:39:53.801 [http-nio-4000-exec-7] INFO  c.e.j.s.controller.UserController - =====查询第0页的日记信息=====
21:39:54.624 [http-nio-4000-exec-6] INFO  c.e.j.s.controller.UserController - =====查询2用户是否有新通知=====
21:39:54.628 [http-nio-4000-exec-9] INFO  c.e.j.s.controller.UserController - =====查询用户2的粉丝列表=====
21:44:51.035 [http-nio-4000-exec-8] INFO  c.e.j.s.controller.UserController - =====查询2用户是否有新通知=====
21:44:51.048 [http-nio-4000-exec-1] INFO  c.e.j.s.controller.UserController - =====查询用户2的粉丝数量=====
21:44:51.048 [http-nio-4000-exec-2] INFO  c.e.j.s.controller.UserController - =====查询第0页的日记信息=====
21:44:51.366 [http-nio-4000-exec-4] INFO  c.e.j.s.controller.UserController - =====查询用户2的相册图片=====
21:45:56.103 [http-nio-4000-exec-5] INFO  c.e.j.s.controller.UserController - =====查询2用户是否有新通知=====
21:48:36.578 [http-nio-4000-exec-10] INFO  c.e.j.s.controller.UserController - =====查询2用户是否有新通知=====
22:14:31.804 [http-nio-4000-exec-7] INFO  c.e.j.s.controller.UserController - =====查询2用户的通知信息=====
22:14:53.580 [http-nio-4000-exec-6] INFO  c.e.j.s.controller.UserController - =====查询2用户是否有新通知=====
22:14:53.591 [http-nio-4000-exec-9] INFO  c.e.j.s.controller.UserController - =====查询第0页的日记信息=====
22:14:56.744 [http-nio-4000-exec-8] INFO  c.e.j.s.controller.UserController - =====查询2用户是否有新通知=====
22:14:56.755 [http-nio-4000-exec-1] INFO  c.e.j.s.controller.UserController - =====查询第0页的日记信息=====
22:15:22.281 [main] INFO  cn.edu.jxnu.server.ServerApplication - Starting ServerApplication using Java 1.8.0_241 on hanhan with PID 10340 (E:\ProjectJava\CloudDrawing\server\target\classes started by Asus in E:\ProjectJava\CloudDrawing\server)
22:15:22.283 [main] INFO  cn.edu.jxnu.server.ServerApplication - The following 1 profile is active: "dev"
22:15:23.251 [main] INFO  o.s.b.w.e.tomcat.TomcatWebServer - Tomcat initialized with port(s): 4000 (http)
22:15:23.257 [main] INFO  o.a.coyote.http11.Http11NioProtocol - Initializing ProtocolHandler ["http-nio-4000"]
22:15:23.257 [main] INFO  o.a.catalina.core.StandardService - Starting service [Tomcat]
22:15:23.257 [main] INFO  o.a.catalina.core.StandardEngine - Starting Servlet engine: [Apache Tomcat/9.0.60]
22:15:23.358 [main] INFO  o.a.c.c.C.[Tomcat].[localhost].[/] - Initializing Spring embedded WebApplicationContext
22:15:23.358 [main] INFO  o.s.b.w.s.c.ServletWebServerApplicationContext - Root WebApplicationContext: initialization completed in 1035 ms
22:15:23.911 [main] WARN  o.s.b.a.t.ThymeleafAutoConfiguration$DefaultTemplateResolverConfiguration - Cannot find template location: classpath:/templates/ (please add some templates or check your Thymeleaf configuration)
22:15:23.969 [main] INFO  o.a.coyote.http11.Http11NioProtocol - Starting ProtocolHandler ["http-nio-4000"]
22:15:23.981 [main] INFO  o.s.b.w.e.tomcat.TomcatWebServer - Tomcat started on port(s): 4000 (http) with context path ''
22:15:24.134 [main] INFO  cn.edu.jxnu.server.ServerApplication - Started ServerApplication in 2.216 seconds (JVM running for 3.063)
22:15:42.127 [http-nio-4000-exec-2] INFO  o.a.c.c.C.[Tomcat].[localhost].[/] - Initializing Spring DispatcherServlet 'dispatcherServlet'
22:15:42.128 [http-nio-4000-exec-2] INFO  o.s.web.servlet.DispatcherServlet - Initializing Servlet 'dispatcherServlet'
22:15:42.129 [http-nio-4000-exec-2] INFO  o.s.web.servlet.DispatcherServlet - Completed initialization in 1 ms
22:15:42.160 [http-nio-4000-exec-1] INFO  c.e.j.s.controller.UserController - =====查询2用户是否有新通知=====
22:15:42.160 [http-nio-4000-exec-2] INFO  c.e.j.s.controller.UserController - =====查询第0页的日记信息=====
22:15:42.173 [http-nio-4000-exec-1] INFO  com.zaxxer.hikari.HikariDataSource - hanhan - Starting...
22:15:42.665 [http-nio-4000-exec-1] INFO  com.zaxxer.hikari.HikariDataSource - hanhan - Start completed.
22:17:53.633 [http-nio-4000-exec-3] INFO  c.e.j.s.controller.UserController - =====查询第0页的日记信息=====
22:18:07.371 [http-nio-4000-exec-6] INFO  c.e.j.s.controller.UserController - =====查询2用户是否有新通知=====
22:18:07.382 [http-nio-4000-exec-5] INFO  c.e.j.s.controller.UserController - =====查询第0页的日记信息=====
22:23:05.130 [http-nio-4000-exec-9] INFO  c.e.j.s.controller.UserController - =====查询2用户是否有新通知=====
22:40:59.404 [http-nio-4000-exec-8] INFO  c.e.j.s.controller.UserController - =====查询2用户的通知信息=====
22:47:18.995 [http-nio-4000-exec-7] INFO  c.e.j.s.controller.UserController - =====查询2用户是否有新通知=====
22:49:15.712 [http-nio-4000-exec-10] INFO  c.e.j.s.controller.UserController - =====查询2用户是否有新通知=====
22:49:20.699 [http-nio-4000-exec-1] INFO  c.e.j.s.controller.UserController - =====查询2用户是否有新通知=====
22:55:03.342 [http-nio-4000-exec-2] INFO  c.e.j.s.controller.UserController - =====查询2用户是否有新通知=====
22:55:09.149 [http-nio-4000-exec-3] INFO  c.e.j.s.controller.UserController - =====查询2用户是否有新通知=====
22:58:12.905 [http-nio-4000-exec-4] INFO  c.e.j.s.controller.UserController - =====查询2用户是否有新通知=====
23:01:22.138 [http-nio-4000-exec-6] INFO  c.e.j.s.controller.UserController - =====查询2用户是否有新通知=====
23:01:33.574 [http-nio-4000-exec-5] INFO  c.e.j.s.controller.UserController - =====查询2用户是否有新通知=====
23:01:52.480 [http-nio-4000-exec-9] INFO  c.e.j.s.controller.UserController - =====查询2用户是否有新通知=====
23:02:05.517 [http-nio-4000-exec-8] INFO  c.e.j.s.controller.UserController - =====查询2用户是否有新通知=====
23:03:44.461 [http-nio-4000-exec-7] INFO  c.e.j.s.controller.UserController - =====查询2用户是否有新通知=====
23:03:51.308 [http-nio-4000-exec-10] INFO  c.e.j.s.controller.UserController - =====查询2用户是否有新通知=====
23:03:53.237 [http-nio-4000-exec-1] INFO  c.e.j.s.controller.UserController - =====查询2用户是否有新通知=====
23:08:42.267 [http-nio-4000-exec-2] INFO  c.e.j.s.controller.UserController - =====查询2用户是否有新通知=====
23:13:40.419 [http-nio-4000-exec-3] INFO  c.e.j.s.controller.UserController - =====查询2用户是否有新通知=====
23:17:29.481 [http-nio-4000-exec-4] INFO  c.e.j.s.controller.UserController - =====查询2用户是否有新通知=====
23:17:29.492 [http-nio-4000-exec-6] INFO  c.e.j.s.controller.UserController - =====查询第0页的日记信息=====
23:17:31.086 [http-nio-4000-exec-5] INFO  c.e.j.s.controller.UserController - =====查询2用户的通知信息=====
23:17:49.916 [http-nio-4000-exec-9] INFO  c.e.j.s.controller.UserController - =====查询2用户是否有新通知=====
23:30:44.140 [http-nio-4000-exec-8] INFO  c.e.j.s.controller.UserController - =====查询2用户是否有新通知=====
23:38:22.355 [http-nio-4000-exec-7] INFO  c.e.j.s.controller.UserController - =====查询2用户是否有新通知=====
23:39:05.321 [http-nio-4000-exec-10] INFO  c.e.j.s.controller.UserController - =====查询2用户是否有新通知=====
23:40:11.552 [http-nio-4000-exec-1] INFO  c.e.j.s.controller.UserController - =====查询2用户是否有新通知=====
23:41:45.875 [http-nio-4000-exec-2] INFO  c.e.j.s.controller.UserController - =====查询2用户是否有新通知=====
23:49:13.330 [http-nio-4000-exec-3] INFO  c.e.j.s.controller.UserController - =====查询2用户是否有新通知=====
23:49:19.288 [http-nio-4000-exec-4] INFO  c.e.j.s.controller.UserController - =====查询2用户是否有新通知=====
23:49:47.976 [http-nio-4000-exec-6] INFO  c.e.j.s.controller.UserController - =====查询2用户是否有新通知=====
23:49:54.939 [http-nio-4000-exec-5] INFO  c.e.j.s.controller.UserController - =====查询2用户是否有新通知=====
23:51:11.166 [http-nio-4000-exec-9] INFO  c.e.j.s.controller.UserController - =====查询2用户是否有新通知=====
23:52:14.698 [http-nio-4000-exec-8] INFO  c.e.j.s.controller.UserController - =====查询2用户的通知信息=====
23:58:46.068 [http-nio-4000-exec-7] INFO  c.e.j.s.controller.UserController - =====查询2用户是否有新通知=====
23:59:16.713 [http-nio-4000-exec-10] INFO  c.e.j.s.controller.UserController - =====查询2用户的通知信息=====
23:59:53.311 [http-nio-4000-exec-1] INFO  c.e.j.s.controller.UserController - =====查询2用户是否有新通知=====
